The system is: Linux - 3.13.0-37-generic - x86_64
Compiling the C compiler identification source file "CMakeCCompilerId.c" succeeded.
Compiler: /usr/bin/cc 
Build flags: 
Id flags: 

The output was:
0


Compilation of the C compiler identification source "CMakeCCompilerId.c" produced "a.out"

The C compiler identification is GNU, found in "/home/legolas/CNN_libs/caffe_mike/caffe/CMakeFiles/3.2.2/CompilerIdC/a.out"

Compiling the CXX compiler identification source file "CMakeCXXCompilerId.cpp" succeeded.
Compiler: /usr/bin/c++ 
Build flags: 
Id flags: 

The output was:
0


Compilation of the CXX compiler identification source "CMakeCXXCompilerId.cpp" produced "a.out"

The CXX compiler identification is GNU, found in "/home/legolas/CNN_libs/caffe_mike/caffe/CMakeFiles/3.2.2/CompilerIdCXX/a.out"

Determining if the C compiler works passed with the following output:
Change Dir: /home/legolas/CNN_libs/caffe_mike/caffe/CMakeFiles/CMakeTmp

Run Build Command:"/usr/bin/make" "cmTryCompileExec3793882265/fast"
/usr/bin/make -f CMakeFiles/cmTryCompileExec3793882265.dir/build.make CMakeFiles/cmTryCompileExec3793882265.dir/build
make[1]: Entering directory `/home/legolas/CNN_libs/caffe_mike/caffe/CMakeFiles/CMakeTmp'
/usr/local/bin/cmake -E cmake_progress_report /home/legolas/CNN_libs/caffe_mike/caffe/CMakeFiles/CMakeTmp/CMakeFiles 1
Building C object CMakeFiles/cmTryCompileExec3793882265.dir/testCCompiler.c.o
/usr/bin/cc    -o CMakeFiles/cmTryCompileExec3793882265.dir/testCCompiler.c.o   -c /home/legolas/CNN_libs/caffe_mike/caffe/CMakeFiles/CMakeTmp/testCCompiler.c
Linking C executable cmTryCompileExec3793882265
/usr/local/bin/cmake -E cmake_link_script CMakeFiles/cmTryCompileExec3793882265.dir/link.txt --verbose=1
/usr/bin/cc       CMakeFiles/cmTryCompileExec3793882265.dir/testCCompiler.c.o  -o cmTryCompileExec3793882265 -rdynamic 
make[1]: Leaving directory `/home/legolas/CNN_libs/caffe_mike/caffe/CMakeFiles/CMakeTmp'


Detecting C compiler ABI info compiled with the following output:
Change Dir: /home/legolas/CNN_libs/caffe_mike/caffe/CMakeFiles/CMakeTmp

Run Build Command:"/usr/bin/make" "cmTryCompileExec1215198949/fast"
/usr/bin/make -f CMakeFiles/cmTryCompileExec1215198949.dir/build.make CMakeFiles/cmTryCompileExec1215198949.dir/build
make[1]: Entering directory `/home/legolas/CNN_libs/caffe_mike/caffe/CMakeFiles/CMakeTmp'
/usr/local/bin/cmake -E cmake_progress_report /home/legolas/CNN_libs/caffe_mike/caffe/CMakeFiles/CMakeTmp/CMakeFiles 1
Building C object CMakeFiles/cmTryCompileExec1215198949.dir/CMakeCCompilerABI.c.o
/usr/bin/cc    -o CMakeFiles/cmTryCompileExec1215198949.dir/CMakeCCompilerABI.c.o   -c /usr/local/share/cmake-3.2/Modules/CMakeCCompilerABI.c
Linking C executable cmTryCompileExec1215198949
/usr/local/bin/cmake -E cmake_link_script CMakeFiles/cmTryCompileExec1215198949.dir/link.txt --verbose=1
/usr/bin/cc      -v CMakeFiles/cmTryCompileExec1215198949.dir/CMakeCCompilerABI.c.o  -o cmTryCompileExec1215198949 -rdynamic  
Using built-in specs.
COLLECT_GCC=/usr/bin/cc
COLLECT_LTO_WRAPPER=/usr/lib/gcc/x86_64-linux-gnu/4.8/lto-wrapper
Target: x86_64-linux-gnu
Configured with: ../src/configure -v --with-pkgversion='Ubuntu 4.8.4-2ubuntu1~14.04' --with-bugurl=file:///usr/share/doc/gcc-4.8/README.Bugs --enable-languages=c,c++,java,go,d,fortran,objc,obj-c++ --prefix=/usr --program-suffix=-4.8 --enable-shared --enable-linker-build-id --libexecdir=/usr/lib --without-included-gettext --enable-threads=posix --with-gxx-include-dir=/usr/include/c++/4.8 --libdir=/usr/lib --enable-nls --with-sysroot=/ --enable-clocale=gnu --enable-libstdcxx-debug --enable-libstdcxx-time=yes --enable-gnu-unique-object --disable-libmudflap --enable-plugin --with-system-zlib --disable-browser-plugin --enable-java-awt=gtk --enable-gtk-cairo --with-java-home=/usr/lib/jvm/java-1.5.0-gcj-4.8-amd64/jre --enable-java-home --with-jvm-root-dir=/usr/lib/jvm/java-1.5.0-gcj-4.8-amd64 --with-jvm-jar-dir=/usr/lib/jvm-exports/java-1.5.0-gcj-4.8-amd64 --with-arch-directory=amd64 --with-ecj-jar=/usr/share/java/eclipse-ecj.jar --enable-objc-gc --enable-multiarch --disable-werror --with-arch-32=i686 --with-abi=m64 --with-multilib-list=m32,m64,mx32 --with-tune=generic --enable-checking=release --build=x86_64-linux-gnu --host=x86_64-linux-gnu --target=x86_64-linux-gnu
Thread model: posix
gcc version 4.8.4 (Ubuntu 4.8.4-2ubuntu1~14.04) 
COMPILER_PATH=/usr/lib/gcc/x86_64-linux-gnu/4.8/:/usr/lib/gcc/x86_64-linux-gnu/4.8/:/usr/lib/gcc/x86_64-linux-gnu/:/usr/lib/gcc/x86_64-linux-gnu/4.8/:/usr/lib/gcc/x86_64-linux-gnu/
LIBRARY_PATH=/usr/lib/gcc/x86_64-linux-gnu/4.8/:/usr/lib/gcc/x86_64-linux-gnu/4.8/../../../x86_64-linux-gnu/:/usr/lib/gcc/x86_64-linux-gnu/4.8/../../../../lib/:/lib/x86_64-linux-gnu/:/lib/../lib/:/usr/lib/x86_64-linux-gnu/:/usr/lib/../lib/:/usr/lib/gcc/x86_64-linux-gnu/4.8/../../../:/lib/:/usr/lib/
COLLECT_GCC_OPTIONS='-v' '-o' 'cmTryCompileExec1215198949' '-rdynamic' '-mtune=generic' '-march=x86-64'
 /usr/lib/gcc/x86_64-linux-gnu/4.8/collect2 --sysroot=/ --build-id --eh-frame-hdr -m elf_x86_64 --hash-style=gnu --as-needed -export-dynamic -dynamic-linker /lib64/ld-linux-x86-64.so.2 -z relro -o cmTryCompileExec1215198949 /usr/lib/gcc/x86_64-linux-gnu/4.8/../../../x86_64-linux-gnu/crt1.o /usr/lib/gcc/x86_64-linux-gnu/4.8/../../../x86_64-linux-gnu/crti.o /usr/lib/gcc/x86_64-linux-gnu/4.8/crtbegin.o -L/usr/lib/gcc/x86_64-linux-gnu/4.8 -L/usr/lib/gcc/x86_64-linux-gnu/4.8/../../../x86_64-linux-gnu -L/usr/lib/gcc/x86_64-linux-gnu/4.8/../../../../lib -L/lib/x86_64-linux-gnu -L/lib/../lib -L/usr/lib/x86_64-linux-gnu -L/usr/lib/../lib -L/usr/lib/gcc/x86_64-linux-gnu/4.8/../../.. CMakeFiles/cmTryCompileExec1215198949.dir/CMakeCCompilerABI.c.o -lgcc --as-needed -lgcc_s --no-as-needed -lc -lgcc --as-needed -lgcc_s --no-as-needed /usr/lib/gcc/x86_64-linux-gnu/4.8/crtend.o /usr/lib/gcc/x86_64-linux-gnu/4.8/../../../x86_64-linux-gnu/crtn.o
make[1]: Leaving directory `/home/legolas/CNN_libs/caffe_mike/caffe/CMakeFiles/CMakeTmp'


Parsed C implicit link information from above output:
  link line regex: [^( *|.*[/\])(ld|([^/\]+-)?ld|collect2)[^/\]*( |$)]
  ignore line: [Change Dir: /home/legolas/CNN_libs/caffe_mike/caffe/CMakeFiles/CMakeTmp]
  ignore line: []
  ignore line: [Run Build Command:"/usr/bin/make" "cmTryCompileExec1215198949/fast"]
  ignore line: [/usr/bin/make -f CMakeFiles/cmTryCompileExec1215198949.dir/build.make CMakeFiles/cmTryCompileExec1215198949.dir/build]
  ignore line: [make[1]: Entering directory `/home/legolas/CNN_libs/caffe_mike/caffe/CMakeFiles/CMakeTmp']
  ignore line: [/usr/local/bin/cmake -E cmake_progress_report /home/legolas/CNN_libs/caffe_mike/caffe/CMakeFiles/CMakeTmp/CMakeFiles 1]
  ignore line: [Building C object CMakeFiles/cmTryCompileExec1215198949.dir/CMakeCCompilerABI.c.o]
  ignore line: [/usr/bin/cc    -o CMakeFiles/cmTryCompileExec1215198949.dir/CMakeCCompilerABI.c.o   -c /usr/local/share/cmake-3.2/Modules/CMakeCCompilerABI.c]
  ignore line: [Linking C executable cmTryCompileExec1215198949]
  ignore line: [/usr/local/bin/cmake -E cmake_link_script CMakeFiles/cmTryCompileExec1215198949.dir/link.txt --verbose=1]
  ignore line: [/usr/bin/cc      -v CMakeFiles/cmTryCompileExec1215198949.dir/CMakeCCompilerABI.c.o  -o cmTryCompileExec1215198949 -rdynamic  ]
  ignore line: [Using built-in specs.]
  ignore line: [COLLECT_GCC=/usr/bin/cc]
  ignore line: [COLLECT_LTO_WRAPPER=/usr/lib/gcc/x86_64-linux-gnu/4.8/lto-wrapper]
  ignore line: [Target: x86_64-linux-gnu]
  ignore line: [Configured with: ../src/configure -v --with-pkgversion='Ubuntu 4.8.4-2ubuntu1~14.04' --with-bugurl=file:///usr/share/doc/gcc-4.8/README.Bugs --enable-languages=c,c++,java,go,d,fortran,objc,obj-c++ --prefix=/usr --program-suffix=-4.8 --enable-shared --enable-linker-build-id --libexecdir=/usr/lib --without-included-gettext --enable-threads=posix --with-gxx-include-dir=/usr/include/c++/4.8 --libdir=/usr/lib --enable-nls --with-sysroot=/ --enable-clocale=gnu --enable-libstdcxx-debug --enable-libstdcxx-time=yes --enable-gnu-unique-object --disable-libmudflap --enable-plugin --with-system-zlib --disable-browser-plugin --enable-java-awt=gtk --enable-gtk-cairo --with-java-home=/usr/lib/jvm/java-1.5.0-gcj-4.8-amd64/jre --enable-java-home --with-jvm-root-dir=/usr/lib/jvm/java-1.5.0-gcj-4.8-amd64 --with-jvm-jar-dir=/usr/lib/jvm-exports/java-1.5.0-gcj-4.8-amd64 --with-arch-directory=amd64 --with-ecj-jar=/usr/share/java/eclipse-ecj.jar --enable-objc-gc --enable-multiarch --disable-werror --with-arch-32=i686 --with-abi=m64 --with-multilib-list=m32,m64,mx32 --with-tune=generic --enable-checking=release --build=x86_64-linux-gnu --host=x86_64-linux-gnu --target=x86_64-linux-gnu]
  ignore line: [Thread model: posix]
  ignore line: [gcc version 4.8.4 (Ubuntu 4.8.4-2ubuntu1~14.04) ]
  ignore line: [COMPILER_PATH=/usr/lib/gcc/x86_64-linux-gnu/4.8/:/usr/lib/gcc/x86_64-linux-gnu/4.8/:/usr/lib/gcc/x86_64-linux-gnu/:/usr/lib/gcc/x86_64-linux-gnu/4.8/:/usr/lib/gcc/x86_64-linux-gnu/]
  ignore line: [LIBRARY_PATH=/usr/lib/gcc/x86_64-linux-gnu/4.8/:/usr/lib/gcc/x86_64-linux-gnu/4.8/../../../x86_64-linux-gnu/:/usr/lib/gcc/x86_64-linux-gnu/4.8/../../../../lib/:/lib/x86_64-linux-gnu/:/lib/../lib/:/usr/lib/x86_64-linux-gnu/:/usr/lib/../lib/:/usr/lib/gcc/x86_64-linux-gnu/4.8/../../../:/lib/:/usr/lib/]
  ignore line: [COLLECT_GCC_OPTIONS='-v' '-o' 'cmTryCompileExec1215198949' '-rdynamic' '-mtune=generic' '-march=x86-64']
  link line: [ /usr/lib/gcc/x86_64-linux-gnu/4.8/collect2 --sysroot=/ --build-id --eh-frame-hdr -m elf_x86_64 --hash-style=gnu --as-needed -export-dynamic -dynamic-linker /lib64/ld-linux-x86-64.so.2 -z relro -o cmTryCompileExec1215198949 /usr/lib/gcc/x86_64-linux-gnu/4.8/../../../x86_64-linux-gnu/crt1.o /usr/lib/gcc/x86_64-linux-gnu/4.8/../../../x86_64-linux-gnu/crti.o /usr/lib/gcc/x86_64-linux-gnu/4.8/crtbegin.o -L/usr/lib/gcc/x86_64-linux-gnu/4.8 -L/usr/lib/gcc/x86_64-linux-gnu/4.8/../../../x86_64-linux-gnu -L/usr/lib/gcc/x86_64-linux-gnu/4.8/../../../../lib -L/lib/x86_64-linux-gnu -L/lib/../lib -L/usr/lib/x86_64-linux-gnu -L/usr/lib/../lib -L/usr/lib/gcc/x86_64-linux-gnu/4.8/../../.. CMakeFiles/cmTryCompileExec1215198949.dir/CMakeCCompilerABI.c.o -lgcc --as-needed -lgcc_s --no-as-needed -lc -lgcc --as-needed -lgcc_s --no-as-needed /usr/lib/gcc/x86_64-linux-gnu/4.8/crtend.o /usr/lib/gcc/x86_64-linux-gnu/4.8/../../../x86_64-linux-gnu/crtn.o]
    arg [/usr/lib/gcc/x86_64-linux-gnu/4.8/collect2] ==> ignore
    arg [--sysroot=/] ==> ignore
    arg [--build-id] ==> ignore
    arg [--eh-frame-hdr] ==> ignore
    arg [-m] ==> ignore
    arg [elf_x86_64] ==> ignore
    arg [--hash-style=gnu] ==> ignore
    arg [--as-needed] ==> ignore
    arg [-export-dynamic] ==> ignore
    arg [-dynamic-linker] ==> ignore
    arg [/lib64/ld-linux-x86-64.so.2] ==> ignore
    arg [-zrelro] ==> ignore
    arg [-o] ==> ignore
    arg [cmTryCompileExec1215198949] ==> ignore
    arg [/usr/lib/gcc/x86_64-linux-gnu/4.8/../../../x86_64-linux-gnu/crt1.o] ==> ignore
    arg [/usr/lib/gcc/x86_64-linux-gnu/4.8/../../../x86_64-linux-gnu/crti.o] ==> ignore
    arg [/usr/lib/gcc/x86_64-linux-gnu/4.8/crtbegin.o] ==> ignore
    arg [-L/usr/lib/gcc/x86_64-linux-gnu/4.8] ==> dir [/usr/lib/gcc/x86_64-linux-gnu/4.8]
    arg [-L/usr/lib/gcc/x86_64-linux-gnu/4.8/../../../x86_64-linux-gnu] ==> dir [/usr/lib/gcc/x86_64-linux-gnu/4.8/../../../x86_64-linux-gnu]
    arg [-L/usr/lib/gcc/x86_64-linux-gnu/4.8/../../../../lib] ==> dir [/usr/lib/gcc/x86_64-linux-gnu/4.8/../../../../lib]
    arg [-L/lib/x86_64-linux-gnu] ==> dir [/lib/x86_64-linux-gnu]
    arg [-L/lib/../lib] ==> dir [/lib/../lib]
    arg [-L/usr/lib/x86_64-linux-gnu] ==> dir [/usr/lib/x86_64-linux-gnu]
    arg [-L/usr/lib/../lib] ==> dir [/usr/lib/../lib]
    arg [-L/usr/lib/gcc/x86_64-linux-gnu/4.8/../../..] ==> dir [/usr/lib/gcc/x86_64-linux-gnu/4.8/../../..]
    arg [CMakeFiles/cmTryCompileExec1215198949.dir/CMakeCCompilerABI.c.o] ==> ignore
    arg [-lgcc] ==> lib [gcc]
    arg [--as-needed] ==> ignore
    arg [-lgcc_s] ==> lib [gcc_s]
    arg [--no-as-needed] ==> ignore
    arg [-lc] ==> lib [c]
    arg [-lgcc] ==> lib [gcc]
    arg [--as-needed] ==> ignore
    arg [-lgcc_s] ==> lib [gcc_s]
    arg [--no-as-needed] ==> ignore
    arg [/usr/lib/gcc/x86_64-linux-gnu/4.8/crtend.o] ==> ignore
    arg [/usr/lib/gcc/x86_64-linux-gnu/4.8/../../../x86_64-linux-gnu/crtn.o] ==> ignore
  remove lib [gcc]
  remove lib [gcc_s]
  remove lib [gcc]
  remove lib [gcc_s]
  collapse library dir [/usr/lib/gcc/x86_64-linux-gnu/4.8] ==> [/usr/lib/gcc/x86_64-linux-gnu/4.8]
  collapse library dir [/usr/lib/gcc/x86_64-linux-gnu/4.8/../../../x86_64-linux-gnu] ==> [/usr/lib/x86_64-linux-gnu]
  collapse library dir [/usr/lib/gcc/x86_64-linux-gnu/4.8/../../../../lib] ==> [/usr/lib]
  collapse library dir [/lib/x86_64-linux-gnu] ==> [/lib/x86_64-linux-gnu]
  collapse library dir [/lib/../lib] ==> [/lib]
  collapse library dir [/usr/lib/x86_64-linux-gnu] ==> [/usr/lib/x86_64-linux-gnu]
  collapse library dir [/usr/lib/../lib] ==> [/usr/lib]
  collapse library dir [/usr/lib/gcc/x86_64-linux-gnu/4.8/../../..] ==> [/usr/lib]
  implicit libs: [c]
  implicit dirs: [/usr/lib/gcc/x86_64-linux-gnu/4.8;/usr/lib/x86_64-linux-gnu;/usr/lib;/lib/x86_64-linux-gnu;/lib]
  implicit fwks: []




Detecting C [-std=c11] compiler features compiled with the following output:
Change Dir: /home/legolas/CNN_libs/caffe_mike/caffe/CMakeFiles/CMakeTmp

Run Build Command:"/usr/bin/make" "cmTryCompileExec2263945970/fast"
/usr/bin/make -f CMakeFiles/cmTryCompileExec2263945970.dir/build.make CMakeFiles/cmTryCompileExec2263945970.dir/build
make[1]: Entering directory `/home/legolas/CNN_libs/caffe_mike/caffe/CMakeFiles/CMakeTmp'
/usr/local/bin/cmake -E cmake_progress_report /home/legolas/CNN_libs/caffe_mike/caffe/CMakeFiles/CMakeTmp/CMakeFiles 1
Building C object CMakeFiles/cmTryCompileExec2263945970.dir/feature_tests.c.o
/usr/bin/cc   -std=c11 -o CMakeFiles/cmTryCompileExec2263945970.dir/feature_tests.c.o   -c /home/legolas/CNN_libs/caffe_mike/caffe/CMakeFiles/feature_tests.c
Linking C executable cmTryCompileExec2263945970
/usr/local/bin/cmake -E cmake_link_script CMakeFiles/cmTryCompileExec2263945970.dir/link.txt --verbose=1
/usr/bin/cc       CMakeFiles/cmTryCompileExec2263945970.dir/feature_tests.c.o  -o cmTryCompileExec2263945970 -rdynamic 
make[1]: Leaving directory `/home/legolas/CNN_libs/caffe_mike/caffe/CMakeFiles/CMakeTmp'


    Feature record: C_FEATURE:1c_function_prototypes
    Feature record: C_FEATURE:1c_restrict
    Feature record: C_FEATURE:1c_static_assert
    Feature record: C_FEATURE:1c_variadic_macros


Detecting C [-std=c99] compiler features compiled with the following output:
Change Dir: /home/legolas/CNN_libs/caffe_mike/caffe/CMakeFiles/CMakeTmp

Run Build Command:"/usr/bin/make" "cmTryCompileExec2197005051/fast"
/usr/bin/make -f CMakeFiles/cmTryCompileExec2197005051.dir/build.make CMakeFiles/cmTryCompileExec2197005051.dir/build
make[1]: Entering directory `/home/legolas/CNN_libs/caffe_mike/caffe/CMakeFiles/CMakeTmp'
/usr/local/bin/cmake -E cmake_progress_report /home/legolas/CNN_libs/caffe_mike/caffe/CMakeFiles/CMakeTmp/CMakeFiles 1
Building C object CMakeFiles/cmTryCompileExec2197005051.dir/feature_tests.c.o
/usr/bin/cc   -std=c99 -o CMakeFiles/cmTryCompileExec2197005051.dir/feature_tests.c.o   -c /home/legolas/CNN_libs/caffe_mike/caffe/CMakeFiles/feature_tests.c
Linking C executable cmTryCompileExec2197005051
/usr/local/bin/cmake -E cmake_link_script CMakeFiles/cmTryCompileExec2197005051.dir/link.txt --verbose=1
/usr/bin/cc       CMakeFiles/cmTryCompileExec2197005051.dir/feature_tests.c.o  -o cmTryCompileExec2197005051 -rdynamic 
make[1]: Leaving directory `/home/legolas/CNN_libs/caffe_mike/caffe/CMakeFiles/CMakeTmp'


    Feature record: C_FEATURE:1c_function_prototypes
    Feature record: C_FEATURE:1c_restrict
    Feature record: C_FEATURE:0c_static_assert
    Feature record: C_FEATURE:1c_variadic_macros


Detecting C [-std=c90] compiler features compiled with the following output:
Change Dir: /home/legolas/CNN_libs/caffe_mike/caffe/CMakeFiles/CMakeTmp

Run Build Command:"/usr/bin/make" "cmTryCompileExec3274761228/fast"
/usr/bin/make -f CMakeFiles/cmTryCompileExec3274761228.dir/build.make CMakeFiles/cmTryCompileExec3274761228.dir/build
make[1]: Entering directory `/home/legolas/CNN_libs/caffe_mike/caffe/CMakeFiles/CMakeTmp'
/usr/local/bin/cmake -E cmake_progress_report /home/legolas/CNN_libs/caffe_mike/caffe/CMakeFiles/CMakeTmp/CMakeFiles 1
Building C object CMakeFiles/cmTryCompileExec3274761228.dir/feature_tests.c.o
/usr/bin/cc   -std=c90 -o CMakeFiles/cmTryCompileExec3274761228.dir/feature_tests.c.o   -c /home/legolas/CNN_libs/caffe_mike/caffe/CMakeFiles/feature_tests.c
Linking C executable cmTryCompileExec3274761228
/usr/local/bin/cmake -E cmake_link_script CMakeFiles/cmTryCompileExec3274761228.dir/link.txt --verbose=1
/usr/bin/cc       CMakeFiles/cmTryCompileExec3274761228.dir/feature_tests.c.o  -o cmTryCompileExec3274761228 -rdynamic 
make[1]: Leaving directory `/home/legolas/CNN_libs/caffe_mike/caffe/CMakeFiles/CMakeTmp'


    Feature record: C_FEATURE:1c_function_prototypes
    Feature record: C_FEATURE:0c_restrict
    Feature record: C_FEATURE:0c_static_assert
    Feature record: C_FEATURE:0c_variadic_macros
Determining if the CXX compiler works passed with the following output:
Change Dir: /home/legolas/CNN_libs/caffe_mike/caffe/CMakeFiles/CMakeTmp

Run Build Command:"/usr/bin/make" "cmTryCompileExec3056485428/fast"
/usr/bin/make -f CMakeFiles/cmTryCompileExec3056485428.dir/build.make CMakeFiles/cmTryCompileExec3056485428.dir/build
make[1]: Entering directory `/home/legolas/CNN_libs/caffe_mike/caffe/CMakeFiles/CMakeTmp'
/usr/local/bin/cmake -E cmake_progress_report /home/legolas/CNN_libs/caffe_mike/caffe/CMakeFiles/CMakeTmp/CMakeFiles 1
Building CXX object CMakeFiles/cmTryCompileExec3056485428.dir/testCXXCompiler.cxx.o
/usr/bin/c++     -o CMakeFiles/cmTryCompileExec3056485428.dir/testCXXCompiler.cxx.o -c /home/legolas/CNN_libs/caffe_mike/caffe/CMakeFiles/CMakeTmp/testCXXCompiler.cxx
Linking CXX executable cmTryCompileExec3056485428
/usr/local/bin/cmake -E cmake_link_script CMakeFiles/cmTryCompileExec3056485428.dir/link.txt --verbose=1
/usr/bin/c++        CMakeFiles/cmTryCompileExec3056485428.dir/testCXXCompiler.cxx.o  -o cmTryCompileExec3056485428 -rdynamic 
make[1]: Leaving directory `/home/legolas/CNN_libs/caffe_mike/caffe/CMakeFiles/CMakeTmp'


Detecting CXX compiler ABI info compiled with the following output:
Change Dir: /home/legolas/CNN_libs/caffe_mike/caffe/CMakeFiles/CMakeTmp

Run Build Command:"/usr/bin/make" "cmTryCompileExec4028726714/fast"
/usr/bin/make -f CMakeFiles/cmTryCompileExec4028726714.dir/build.make CMakeFiles/cmTryCompileExec4028726714.dir/build
make[1]: Entering directory `/home/legolas/CNN_libs/caffe_mike/caffe/CMakeFiles/CMakeTmp'
/usr/local/bin/cmake -E cmake_progress_report /home/legolas/CNN_libs/caffe_mike/caffe/CMakeFiles/CMakeTmp/CMakeFiles 1
Building CXX object CMakeFiles/cmTryCompileExec4028726714.dir/CMakeCXXCompilerABI.cpp.o
/usr/bin/c++     -o CMakeFiles/cmTryCompileExec4028726714.dir/CMakeCXXCompilerABI.cpp.o -c /usr/local/share/cmake-3.2/Modules/CMakeCXXCompilerABI.cpp
Linking CXX executable cmTryCompileExec4028726714
/usr/local/bin/cmake -E cmake_link_script CMakeFiles/cmTryCompileExec4028726714.dir/link.txt --verbose=1
/usr/bin/c++       -v CMakeFiles/cmTryCompileExec4028726714.dir/CMakeCXXCompilerABI.cpp.o  -o cmTryCompileExec4028726714 -rdynamic  
Using built-in specs.
COLLECT_GCC=/usr/bin/c++
COLLECT_LTO_WRAPPER=/usr/lib/gcc/x86_64-linux-gnu/4.8/lto-wrapper
Target: x86_64-linux-gnu
Configured with: ../src/configure -v --with-pkgversion='Ubuntu 4.8.4-2ubuntu1~14.04' --with-bugurl=file:///usr/share/doc/gcc-4.8/README.Bugs --enable-languages=c,c++,java,go,d,fortran,objc,obj-c++ --prefix=/usr --program-suffix=-4.8 --enable-shared --enable-linker-build-id --libexecdir=/usr/lib --without-included-gettext --enable-threads=posix --with-gxx-include-dir=/usr/include/c++/4.8 --libdir=/usr/lib --enable-nls --with-sysroot=/ --enable-clocale=gnu --enable-libstdcxx-debug --enable-libstdcxx-time=yes --enable-gnu-unique-object --disable-libmudflap --enable-plugin --with-system-zlib --disable-browser-plugin --enable-java-awt=gtk --enable-gtk-cairo --with-java-home=/usr/lib/jvm/java-1.5.0-gcj-4.8-amd64/jre --enable-java-home --with-jvm-root-dir=/usr/lib/jvm/java-1.5.0-gcj-4.8-amd64 --with-jvm-jar-dir=/usr/lib/jvm-exports/java-1.5.0-gcj-4.8-amd64 --with-arch-directory=amd64 --with-ecj-jar=/usr/share/java/eclipse-ecj.jar --enable-objc-gc --enable-multiarch --disable-werror --with-arch-32=i686 --with-abi=m64 --with-multilib-list=m32,m64,mx32 --with-tune=generic --enable-checking=release --build=x86_64-linux-gnu --host=x86_64-linux-gnu --target=x86_64-linux-gnu
Thread model: posix
gcc version 4.8.4 (Ubuntu 4.8.4-2ubuntu1~14.04) 
COMPILER_PATH=/usr/lib/gcc/x86_64-linux-gnu/4.8/:/usr/lib/gcc/x86_64-linux-gnu/4.8/:/usr/lib/gcc/x86_64-linux-gnu/:/usr/lib/gcc/x86_64-linux-gnu/4.8/:/usr/lib/gcc/x86_64-linux-gnu/
LIBRARY_PATH=/usr/lib/gcc/x86_64-linux-gnu/4.8/:/usr/lib/gcc/x86_64-linux-gnu/4.8/../../../x86_64-linux-gnu/:/usr/lib/gcc/x86_64-linux-gnu/4.8/../../../../lib/:/lib/x86_64-linux-gnu/:/lib/../lib/:/usr/lib/x86_64-linux-gnu/:/usr/lib/../lib/:/usr/lib/gcc/x86_64-linux-gnu/4.8/../../../:/lib/:/usr/lib/
COLLECT_GCC_OPTIONS='-v' '-o' 'cmTryCompileExec4028726714' '-rdynamic' '-shared-libgcc' '-mtune=generic' '-march=x86-64'
 /usr/lib/gcc/x86_64-linux-gnu/4.8/collect2 --sysroot=/ --build-id --eh-frame-hdr -m elf_x86_64 --hash-style=gnu --as-needed -export-dynamic -dynamic-linker /lib64/ld-linux-x86-64.so.2 -z relro -o cmTryCompileExec4028726714 /usr/lib/gcc/x86_64-linux-gnu/4.8/../../../x86_64-linux-gnu/crt1.o /usr/lib/gcc/x86_64-linux-gnu/4.8/../../../x86_64-linux-gnu/crti.o /usr/lib/gcc/x86_64-linux-gnu/4.8/crtbegin.o -L/usr/lib/gcc/x86_64-linux-gnu/4.8 -L/usr/lib/gcc/x86_64-linux-gnu/4.8/../../../x86_64-linux-gnu -L/usr/lib/gcc/x86_64-linux-gnu/4.8/../../../../lib -L/lib/x86_64-linux-gnu -L/lib/../lib -L/usr/lib/x86_64-linux-gnu -L/usr/lib/../lib -L/usr/lib/gcc/x86_64-linux-gnu/4.8/../../.. CMakeFiles/cmTryCompileExec4028726714.dir/CMakeCXXCompilerABI.cpp.o -lstdc++ -lm -lgcc_s -lgcc -lc -lgcc_s -lgcc /usr/lib/gcc/x86_64-linux-gnu/4.8/crtend.o /usr/lib/gcc/x86_64-linux-gnu/4.8/../../../x86_64-linux-gnu/crtn.o
make[1]: Leaving directory `/home/legolas/CNN_libs/caffe_mike/caffe/CMakeFiles/CMakeTmp'


Parsed CXX implicit link information from above output:
  link line regex: [^( *|.*[/\])(ld|([^/\]+-)?ld|collect2)[^/\]*( |$)]
  ignore line: [Change Dir: /home/legolas/CNN_libs/caffe_mike/caffe/CMakeFiles/CMakeTmp]
  ignore line: []
  ignore line: [Run Build Command:"/usr/bin/make" "cmTryCompileExec4028726714/fast"]
  ignore line: [/usr/bin/make -f CMakeFiles/cmTryCompileExec4028726714.dir/build.make CMakeFiles/cmTryCompileExec4028726714.dir/build]
  ignore line: [make[1]: Entering directory `/home/legolas/CNN_libs/caffe_mike/caffe/CMakeFiles/CMakeTmp']
  ignore line: [/usr/local/bin/cmake -E cmake_progress_report /home/legolas/CNN_libs/caffe_mike/caffe/CMakeFiles/CMakeTmp/CMakeFiles 1]
  ignore line: [Building CXX object CMakeFiles/cmTryCompileExec4028726714.dir/CMakeCXXCompilerABI.cpp.o]
  ignore line: [/usr/bin/c++     -o CMakeFiles/cmTryCompileExec4028726714.dir/CMakeCXXCompilerABI.cpp.o -c /usr/local/share/cmake-3.2/Modules/CMakeCXXCompilerABI.cpp]
  ignore line: [Linking CXX executable cmTryCompileExec4028726714]
  ignore line: [/usr/local/bin/cmake -E cmake_link_script CMakeFiles/cmTryCompileExec4028726714.dir/link.txt --verbose=1]
  ignore line: [/usr/bin/c++       -v CMakeFiles/cmTryCompileExec4028726714.dir/CMakeCXXCompilerABI.cpp.o  -o cmTryCompileExec4028726714 -rdynamic  ]
  ignore line: [Using built-in specs.]
  ignore line: [COLLECT_GCC=/usr/bin/c++]
  ignore line: [COLLECT_LTO_WRAPPER=/usr/lib/gcc/x86_64-linux-gnu/4.8/lto-wrapper]
  ignore line: [Target: x86_64-linux-gnu]
  ignore line: [Configured with: ../src/configure -v --with-pkgversion='Ubuntu 4.8.4-2ubuntu1~14.04' --with-bugurl=file:///usr/share/doc/gcc-4.8/README.Bugs --enable-languages=c,c++,java,go,d,fortran,objc,obj-c++ --prefix=/usr --program-suffix=-4.8 --enable-shared --enable-linker-build-id --libexecdir=/usr/lib --without-included-gettext --enable-threads=posix --with-gxx-include-dir=/usr/include/c++/4.8 --libdir=/usr/lib --enable-nls --with-sysroot=/ --enable-clocale=gnu --enable-libstdcxx-debug --enable-libstdcxx-time=yes --enable-gnu-unique-object --disable-libmudflap --enable-plugin --with-system-zlib --disable-browser-plugin --enable-java-awt=gtk --enable-gtk-cairo --with-java-home=/usr/lib/jvm/java-1.5.0-gcj-4.8-amd64/jre --enable-java-home --with-jvm-root-dir=/usr/lib/jvm/java-1.5.0-gcj-4.8-amd64 --with-jvm-jar-dir=/usr/lib/jvm-exports/java-1.5.0-gcj-4.8-amd64 --with-arch-directory=amd64 --with-ecj-jar=/usr/share/java/eclipse-ecj.jar --enable-objc-gc --enable-multiarch --disable-werror --with-arch-32=i686 --with-abi=m64 --with-multilib-list=m32,m64,mx32 --with-tune=generic --enable-checking=release --build=x86_64-linux-gnu --host=x86_64-linux-gnu --target=x86_64-linux-gnu]
  ignore line: [Thread model: posix]
  ignore line: [gcc version 4.8.4 (Ubuntu 4.8.4-2ubuntu1~14.04) ]
  ignore line: [COMPILER_PATH=/usr/lib/gcc/x86_64-linux-gnu/4.8/:/usr/lib/gcc/x86_64-linux-gnu/4.8/:/usr/lib/gcc/x86_64-linux-gnu/:/usr/lib/gcc/x86_64-linux-gnu/4.8/:/usr/lib/gcc/x86_64-linux-gnu/]
  ignore line: [LIBRARY_PATH=/usr/lib/gcc/x86_64-linux-gnu/4.8/:/usr/lib/gcc/x86_64-linux-gnu/4.8/../../../x86_64-linux-gnu/:/usr/lib/gcc/x86_64-linux-gnu/4.8/../../../../lib/:/lib/x86_64-linux-gnu/:/lib/../lib/:/usr/lib/x86_64-linux-gnu/:/usr/lib/../lib/:/usr/lib/gcc/x86_64-linux-gnu/4.8/../../../:/lib/:/usr/lib/]
  ignore line: [COLLECT_GCC_OPTIONS='-v' '-o' 'cmTryCompileExec4028726714' '-rdynamic' '-shared-libgcc' '-mtune=generic' '-march=x86-64']
  link line: [ /usr/lib/gcc/x86_64-linux-gnu/4.8/collect2 --sysroot=/ --build-id --eh-frame-hdr -m elf_x86_64 --hash-style=gnu --as-needed -export-dynamic -dynamic-linker /lib64/ld-linux-x86-64.so.2 -z relro -o cmTryCompileExec4028726714 /usr/lib/gcc/x86_64-linux-gnu/4.8/../../../x86_64-linux-gnu/crt1.o /usr/lib/gcc/x86_64-linux-gnu/4.8/../../../x86_64-linux-gnu/crti.o /usr/lib/gcc/x86_64-linux-gnu/4.8/crtbegin.o -L/usr/lib/gcc/x86_64-linux-gnu/4.8 -L/usr/lib/gcc/x86_64-linux-gnu/4.8/../../../x86_64-linux-gnu -L/usr/lib/gcc/x86_64-linux-gnu/4.8/../../../../lib -L/lib/x86_64-linux-gnu -L/lib/../lib -L/usr/lib/x86_64-linux-gnu -L/usr/lib/../lib -L/usr/lib/gcc/x86_64-linux-gnu/4.8/../../.. CMakeFiles/cmTryCompileExec4028726714.dir/CMakeCXXCompilerABI.cpp.o -lstdc++ -lm -lgcc_s -lgcc -lc -lgcc_s -lgcc /usr/lib/gcc/x86_64-linux-gnu/4.8/crtend.o /usr/lib/gcc/x86_64-linux-gnu/4.8/../../../x86_64-linux-gnu/crtn.o]
    arg [/usr/lib/gcc/x86_64-linux-gnu/4.8/collect2] ==> ignore
    arg [--sysroot=/] ==> ignore
    arg [--build-id] ==> ignore
    arg [--eh-frame-hdr] ==> ignore
    arg [-m] ==> ignore
    arg [elf_x86_64] ==> ignore
    arg [--hash-style=gnu] ==> ignore
    arg [--as-needed] ==> ignore
    arg [-export-dynamic] ==> ignore
    arg [-dynamic-linker] ==> ignore
    arg [/lib64/ld-linux-x86-64.so.2] ==> ignore
    arg [-zrelro] ==> ignore
    arg [-o] ==> ignore
    arg [cmTryCompileExec4028726714] ==> ignore
    arg [/usr/lib/gcc/x86_64-linux-gnu/4.8/../../../x86_64-linux-gnu/crt1.o] ==> ignore
    arg [/usr/lib/gcc/x86_64-linux-gnu/4.8/../../../x86_64-linux-gnu/crti.o] ==> ignore
    arg [/usr/lib/gcc/x86_64-linux-gnu/4.8/crtbegin.o] ==> ignore
    arg [-L/usr/lib/gcc/x86_64-linux-gnu/4.8] ==> dir [/usr/lib/gcc/x86_64-linux-gnu/4.8]
    arg [-L/usr/lib/gcc/x86_64-linux-gnu/4.8/../../../x86_64-linux-gnu] ==> dir [/usr/lib/gcc/x86_64-linux-gnu/4.8/../../../x86_64-linux-gnu]
    arg [-L/usr/lib/gcc/x86_64-linux-gnu/4.8/../../../../lib] ==> dir [/usr/lib/gcc/x86_64-linux-gnu/4.8/../../../../lib]
    arg [-L/lib/x86_64-linux-gnu] ==> dir [/lib/x86_64-linux-gnu]
    arg [-L/lib/../lib] ==> dir [/lib/../lib]
    arg [-L/usr/lib/x86_64-linux-gnu] ==> dir [/usr/lib/x86_64-linux-gnu]
    arg [-L/usr/lib/../lib] ==> dir [/usr/lib/../lib]
    arg [-L/usr/lib/gcc/x86_64-linux-gnu/4.8/../../..] ==> dir [/usr/lib/gcc/x86_64-linux-gnu/4.8/../../..]
    arg [CMakeFiles/cmTryCompileExec4028726714.dir/CMakeCXXCompilerABI.cpp.o] ==> ignore
    arg [-lstdc++] ==> lib [stdc++]
    arg [-lm] ==> lib [m]
    arg [-lgcc_s] ==> lib [gcc_s]
    arg [-lgcc] ==> lib [gcc]
    arg [-lc] ==> lib [c]
    arg [-lgcc_s] ==> lib [gcc_s]
    arg [-lgcc] ==> lib [gcc]
    arg [/usr/lib/gcc/x86_64-linux-gnu/4.8/crtend.o] ==> ignore
    arg [/usr/lib/gcc/x86_64-linux-gnu/4.8/../../../x86_64-linux-gnu/crtn.o] ==> ignore
  remove lib [gcc_s]
  remove lib [gcc]
  remove lib [gcc_s]
  remove lib [gcc]
  collapse library dir [/usr/lib/gcc/x86_64-linux-gnu/4.8] ==> [/usr/lib/gcc/x86_64-linux-gnu/4.8]
  collapse library dir [/usr/lib/gcc/x86_64-linux-gnu/4.8/../../../x86_64-linux-gnu] ==> [/usr/lib/x86_64-linux-gnu]
  collapse library dir [/usr/lib/gcc/x86_64-linux-gnu/4.8/../../../../lib] ==> [/usr/lib]
  collapse library dir [/lib/x86_64-linux-gnu] ==> [/lib/x86_64-linux-gnu]
  collapse library dir [/lib/../lib] ==> [/lib]
  collapse library dir [/usr/lib/x86_64-linux-gnu] ==> [/usr/lib/x86_64-linux-gnu]
  collapse library dir [/usr/lib/../lib] ==> [/usr/lib]
  collapse library dir [/usr/lib/gcc/x86_64-linux-gnu/4.8/../../..] ==> [/usr/lib]
  implicit libs: [stdc++;m;c]
  implicit dirs: [/usr/lib/gcc/x86_64-linux-gnu/4.8;/usr/lib/x86_64-linux-gnu;/usr/lib;/lib/x86_64-linux-gnu;/lib]
  implicit fwks: []




Detecting CXX [-std=c++1y] compiler features compiled with the following output:
Change Dir: /home/legolas/CNN_libs/caffe_mike/caffe/CMakeFiles/CMakeTmp

Run Build Command:"/usr/bin/make" "cmTryCompileExec1714670076/fast"
/usr/bin/make -f CMakeFiles/cmTryCompileExec1714670076.dir/build.make CMakeFiles/cmTryCompileExec1714670076.dir/build
make[1]: Entering directory `/home/legolas/CNN_libs/caffe_mike/caffe/CMakeFiles/CMakeTmp'
/usr/local/bin/cmake -E cmake_progress_report /home/legolas/CNN_libs/caffe_mike/caffe/CMakeFiles/CMakeTmp/CMakeFiles 1
Building CXX object CMakeFiles/cmTryCompileExec1714670076.dir/feature_tests.cxx.o
/usr/bin/c++    -std=c++1y -o CMakeFiles/cmTryCompileExec1714670076.dir/feature_tests.cxx.o -c /home/legolas/CNN_libs/caffe_mike/caffe/CMakeFiles/feature_tests.cxx
Linking CXX executable cmTryCompileExec1714670076
/usr/local/bin/cmake -E cmake_link_script CMakeFiles/cmTryCompileExec1714670076.dir/link.txt --verbose=1
/usr/bin/c++        CMakeFiles/cmTryCompileExec1714670076.dir/feature_tests.cxx.o  -o cmTryCompileExec1714670076 -rdynamic 
make[1]: Leaving directory `/home/legolas/CNN_libs/caffe_mike/caffe/CMakeFiles/CMakeTmp'


    Feature record: CXX_FEATURE:0cxx_aggregate_default_initializers
    Feature record: CXX_FEATURE:1cxx_alias_templates
    Feature record: CXX_FEATURE:1cxx_alignas
    Feature record: CXX_FEATURE:1cxx_alignof
    Feature record: CXX_FEATURE:1cxx_attributes
    Feature record: CXX_FEATURE:0cxx_attribute_deprecated
    Feature record: CXX_FEATURE:1cxx_auto_type
    Feature record: CXX_FEATURE:0cxx_binary_literals
    Feature record: CXX_FEATURE:1cxx_constexpr
    Feature record: CXX_FEATURE:0cxx_contextual_conversions
    Feature record: CXX_FEATURE:1cxx_decltype
    Feature record: CXX_FEATURE:0cxx_decltype_auto
    Feature record: CXX_FEATURE:1cxx_decltype_incomplete_return_types
    Feature record: CXX_FEATURE:1cxx_default_function_template_args
    Feature record: CXX_FEATURE:1cxx_defaulted_functions
    Feature record: CXX_FEATURE:1cxx_defaulted_move_initializers
    Feature record: CXX_FEATURE:1cxx_delegating_constructors
    Feature record: CXX_FEATURE:1cxx_deleted_functions
    Feature record: CXX_FEATURE:0cxx_digit_separators
    Feature record: CXX_FEATURE:1cxx_enum_forward_declarations
    Feature record: CXX_FEATURE:1cxx_explicit_conversions
    Feature record: CXX_FEATURE:1cxx_extended_friend_declarations
    Feature record: CXX_FEATURE:1cxx_extern_templates
    Feature record: CXX_FEATURE:1cxx_final
    Feature record: CXX_FEATURE:1cxx_func_identifier
    Feature record: CXX_FEATURE:1cxx_generalized_initializers
    Feature record: CXX_FEATURE:0cxx_generic_lambdas
    Feature record: CXX_FEATURE:1cxx_inheriting_constructors
    Feature record: CXX_FEATURE:1cxx_inline_namespaces
    Feature record: CXX_FEATURE:1cxx_lambdas
    Feature record: CXX_FEATURE:0cxx_lambda_init_captures
    Feature record: CXX_FEATURE:1cxx_local_type_template_args
    Feature record: CXX_FEATURE:1cxx_long_long_type
    Feature record: CXX_FEATURE:1cxx_noexcept
    Feature record: CXX_FEATURE:1cxx_nonstatic_member_init
    Feature record: CXX_FEATURE:1cxx_nullptr
    Feature record: CXX_FEATURE:1cxx_override
    Feature record: CXX_FEATURE:1cxx_range_for
    Feature record: CXX_FEATURE:1cxx_raw_string_literals
    Feature record: CXX_FEATURE:1cxx_reference_qualified_functions
    Feature record: CXX_FEATURE:0cxx_relaxed_constexpr
    Feature record: CXX_FEATURE:0cxx_return_type_deduction
    Feature record: CXX_FEATURE:1cxx_right_angle_brackets
    Feature record: CXX_FEATURE:1cxx_rvalue_references
    Feature record: CXX_FEATURE:1cxx_sizeof_member
    Feature record: CXX_FEATURE:1cxx_static_assert
    Feature record: CXX_FEATURE:1cxx_strong_enums
    Feature record: CXX_FEATURE:1cxx_template_template_parameters
    Feature record: CXX_FEATURE:1cxx_thread_local
    Feature record: CXX_FEATURE:1cxx_trailing_return_types
    Feature record: CXX_FEATURE:1cxx_unicode_literals
    Feature record: CXX_FEATURE:1cxx_uniform_initialization
    Feature record: CXX_FEATURE:1cxx_unrestricted_unions
    Feature record: CXX_FEATURE:1cxx_user_literals
    Feature record: CXX_FEATURE:0cxx_variable_templates
    Feature record: CXX_FEATURE:1cxx_variadic_macros
    Feature record: CXX_FEATURE:1cxx_variadic_templates


Detecting CXX [-std=c++11] compiler features compiled with the following output:
Change Dir: /home/legolas/CNN_libs/caffe_mike/caffe/CMakeFiles/CMakeTmp

Run Build Command:"/usr/bin/make" "cmTryCompileExec4034198443/fast"
/usr/bin/make -f CMakeFiles/cmTryCompileExec4034198443.dir/build.make CMakeFiles/cmTryCompileExec4034198443.dir/build
make[1]: Entering directory `/home/legolas/CNN_libs/caffe_mike/caffe/CMakeFiles/CMakeTmp'
/usr/local/bin/cmake -E cmake_progress_report /home/legolas/CNN_libs/caffe_mike/caffe/CMakeFiles/CMakeTmp/CMakeFiles 1
Building CXX object CMakeFiles/cmTryCompileExec4034198443.dir/feature_tests.cxx.o
/usr/bin/c++    -std=c++11 -o CMakeFiles/cmTryCompileExec4034198443.dir/feature_tests.cxx.o -c /home/legolas/CNN_libs/caffe_mike/caffe/CMakeFiles/feature_tests.cxx
Linking CXX executable cmTryCompileExec4034198443
/usr/local/bin/cmake -E cmake_link_script CMakeFiles/cmTryCompileExec4034198443.dir/link.txt --verbose=1
/usr/bin/c++        CMakeFiles/cmTryCompileExec4034198443.dir/feature_tests.cxx.o  -o cmTryCompileExec4034198443 -rdynamic 
make[1]: Leaving directory `/home/legolas/CNN_libs/caffe_mike/caffe/CMakeFiles/CMakeTmp'


    Feature record: CXX_FEATURE:0cxx_aggregate_default_initializers
    Feature record: CXX_FEATURE:1cxx_alias_templates
    Feature record: CXX_FEATURE:1cxx_alignas
    Feature record: CXX_FEATURE:1cxx_alignof
    Feature record: CXX_FEATURE:1cxx_attributes
    Feature record: CXX_FEATURE:0cxx_attribute_deprecated
    Feature record: CXX_FEATURE:1cxx_auto_type
    Feature record: CXX_FEATURE:0cxx_binary_literals
    Feature record: CXX_FEATURE:1cxx_constexpr
    Feature record: CXX_FEATURE:0cxx_contextual_conversions
    Feature record: CXX_FEATURE:1cxx_decltype
    Feature record: CXX_FEATURE:0cxx_decltype_auto
    Feature record: CXX_FEATURE:1cxx_decltype_incomplete_return_types
    Feature record: CXX_FEATURE:1cxx_default_function_template_args
    Feature record: CXX_FEATURE:1cxx_defaulted_functions
    Feature record: CXX_FEATURE:1cxx_defaulted_move_initializers
    Feature record: CXX_FEATURE:1cxx_delegating_constructors
    Feature record: CXX_FEATURE:1cxx_deleted_functions
    Feature record: CXX_FEATURE:0cxx_digit_separators
    Feature record: CXX_FEATURE:1cxx_enum_forward_declarations
    Feature record: CXX_FEATURE:1cxx_explicit_conversions
    Feature record: CXX_FEATURE:1cxx_extended_friend_declarations
    Feature record: CXX_FEATURE:1cxx_extern_templates
    Feature record: CXX_FEATURE:1cxx_final
    Feature record: CXX_FEATURE:1cxx_func_identifier
    Feature record: CXX_FEATURE:1cxx_generalized_initializers
    Feature record: CXX_FEATURE:0cxx_generic_lambdas
    Feature record: CXX_FEATURE:1cxx_inheriting_constructors
    Feature record: CXX_FEATURE:1cxx_inline_namespaces
    Feature record: CXX_FEATURE:1cxx_lambdas
    Feature record: CXX_FEATURE:0cxx_lambda_init_captures
    Feature record: CXX_FEATURE:1cxx_local_type_template_args
    Feature record: CXX_FEATURE:1cxx_long_long_type
    Feature record: CXX_FEATURE:1cxx_noexcept
    Feature record: CXX_FEATURE:1cxx_nonstatic_member_init
    Feature record: CXX_FEATURE:1cxx_nullptr
    Feature record: CXX_FEATURE:1cxx_override
    Feature record: CXX_FEATURE:1cxx_range_for
    Feature record: CXX_FEATURE:1cxx_raw_string_literals
    Feature record: CXX_FEATURE:1cxx_reference_qualified_functions
    Feature record: CXX_FEATURE:0cxx_relaxed_constexpr
    Feature record: CXX_FEATURE:0cxx_return_type_deduction
    Feature record: CXX_FEATURE:1cxx_right_angle_brackets
    Feature record: CXX_FEATURE:1cxx_rvalue_references
    Feature record: CXX_FEATURE:1cxx_sizeof_member
    Feature record: CXX_FEATURE:1cxx_static_assert
    Feature record: CXX_FEATURE:1cxx_strong_enums
    Feature record: CXX_FEATURE:1cxx_template_template_parameters
    Feature record: CXX_FEATURE:1cxx_thread_local
    Feature record: CXX_FEATURE:1cxx_trailing_return_types
    Feature record: CXX_FEATURE:1cxx_unicode_literals
    Feature record: CXX_FEATURE:1cxx_uniform_initialization
    Feature record: CXX_FEATURE:1cxx_unrestricted_unions
    Feature record: CXX_FEATURE:1cxx_user_literals
    Feature record: CXX_FEATURE:0cxx_variable_templates
    Feature record: CXX_FEATURE:1cxx_variadic_macros
    Feature record: CXX_FEATURE:1cxx_variadic_templates


Detecting CXX [-std=c++98] compiler features compiled with the following output:
Change Dir: /home/legolas/CNN_libs/caffe_mike/caffe/CMakeFiles/CMakeTmp

Run Build Command:"/usr/bin/make" "cmTryCompileExec2670820360/fast"
/usr/bin/make -f CMakeFiles/cmTryCompileExec2670820360.dir/build.make CMakeFiles/cmTryCompileExec2670820360.dir/build
make[1]: Entering directory `/home/legolas/CNN_libs/caffe_mike/caffe/CMakeFiles/CMakeTmp'
/usr/local/bin/cmake -E cmake_progress_report /home/legolas/CNN_libs/caffe_mike/caffe/CMakeFiles/CMakeTmp/CMakeFiles 1
Building CXX object CMakeFiles/cmTryCompileExec2670820360.dir/feature_tests.cxx.o
/usr/bin/c++    -std=c++98 -o CMakeFiles/cmTryCompileExec2670820360.dir/feature_tests.cxx.o -c /home/legolas/CNN_libs/caffe_mike/caffe/CMakeFiles/feature_tests.cxx
Linking CXX executable cmTryCompileExec2670820360
/usr/local/bin/cmake -E cmake_link_script CMakeFiles/cmTryCompileExec2670820360.dir/link.txt --verbose=1
/usr/bin/c++        CMakeFiles/cmTryCompileExec2670820360.dir/feature_tests.cxx.o  -o cmTryCompileExec2670820360 -rdynamic 
make[1]: Leaving directory `/home/legolas/CNN_libs/caffe_mike/caffe/CMakeFiles/CMakeTmp'


    Feature record: CXX_FEATURE:0cxx_aggregate_default_initializers
    Feature record: CXX_FEATURE:0cxx_alias_templates
    Feature record: CXX_FEATURE:0cxx_alignas
    Feature record: CXX_FEATURE:0cxx_alignof
    Feature record: CXX_FEATURE:0cxx_attributes
    Feature record: CXX_FEATURE:0cxx_attribute_deprecated
    Feature record: CXX_FEATURE:0cxx_auto_type
    Feature record: CXX_FEATURE:0cxx_binary_literals
    Feature record: CXX_FEATURE:0cxx_constexpr
    Feature record: CXX_FEATURE:0cxx_contextual_conversions
    Feature record: CXX_FEATURE:0cxx_decltype
    Feature record: CXX_FEATURE:0cxx_decltype_auto
    Feature record: CXX_FEATURE:0cxx_decltype_incomplete_return_types
    Feature record: CXX_FEATURE:0cxx_default_function_template_args
    Feature record: CXX_FEATURE:0cxx_defaulted_functions
    Feature record: CXX_FEATURE:0cxx_defaulted_move_initializers
    Feature record: CXX_FEATURE:0cxx_delegating_constructors
    Feature record: CXX_FEATURE:0cxx_deleted_functions
    Feature record: CXX_FEATURE:0cxx_digit_separators
    Feature record: CXX_FEATURE:0cxx_enum_forward_declarations
    Feature record: CXX_FEATURE:0cxx_explicit_conversions
    Feature record: CXX_FEATURE:0cxx_extended_friend_declarations
    Feature record: CXX_FEATURE:0cxx_extern_templates
    Feature record: CXX_FEATURE:0cxx_final
    Feature record: CXX_FEATURE:0cxx_func_identifier
    Feature record: CXX_FEATURE:0cxx_generalized_initializers
    Feature record: CXX_FEATURE:0cxx_generic_lambdas
    Feature record: CXX_FEATURE:0cxx_inheriting_constructors
    Feature record: CXX_FEATURE:0cxx_inline_namespaces
    Feature record: CXX_FEATURE:0cxx_lambdas
    Feature record: CXX_FEATURE:0cxx_lambda_init_captures
    Feature record: CXX_FEATURE:0cxx_local_type_template_args
    Feature record: CXX_FEATURE:0cxx_long_long_type
    Feature record: CXX_FEATURE:0cxx_noexcept
    Feature record: CXX_FEATURE:0cxx_nonstatic_member_init
    Feature record: CXX_FEATURE:0cxx_nullptr
    Feature record: CXX_FEATURE:0cxx_override
    Feature record: CXX_FEATURE:0cxx_range_for
    Feature record: CXX_FEATURE:0cxx_raw_string_literals
    Feature record: CXX_FEATURE:0cxx_reference_qualified_functions
    Feature record: CXX_FEATURE:0cxx_relaxed_constexpr
    Feature record: CXX_FEATURE:0cxx_return_type_deduction
    Feature record: CXX_FEATURE:0cxx_right_angle_brackets
    Feature record: CXX_FEATURE:0cxx_rvalue_references
    Feature record: CXX_FEATURE:0cxx_sizeof_member
    Feature record: CXX_FEATURE:0cxx_static_assert
    Feature record: CXX_FEATURE:0cxx_strong_enums
    Feature record: CXX_FEATURE:1cxx_template_template_parameters
    Feature record: CXX_FEATURE:0cxx_thread_local
    Feature record: CXX_FEATURE:0cxx_trailing_return_types
    Feature record: CXX_FEATURE:0cxx_unicode_literals
    Feature record: CXX_FEATURE:0cxx_uniform_initialization
    Feature record: CXX_FEATURE:0cxx_unrestricted_unions
    Feature record: CXX_FEATURE:0cxx_user_literals
    Feature record: CXX_FEATURE:0cxx_variable_templates
    Feature record: CXX_FEATURE:0cxx_variadic_macros
    Feature record: CXX_FEATURE:0cxx_variadic_templates
Determining if files pthread.h exist passed with the following output:
Change Dir: /home/legolas/CNN_libs/caffe_mike/caffe/CMakeFiles/CMakeTmp

Run Build Command:"/usr/bin/make" "cmTryCompileExec2991901759/fast"
/usr/bin/make -f CMakeFiles/cmTryCompileExec2991901759.dir/build.make CMakeFiles/cmTryCompileExec2991901759.dir/build
make[1]: Entering directory `/home/legolas/CNN_libs/caffe_mike/caffe/CMakeFiles/CMakeTmp'
/usr/local/bin/cmake -E cmake_progress_report /home/legolas/CNN_libs/caffe_mike/caffe/CMakeFiles/CMakeTmp/CMakeFiles 1
Building C object CMakeFiles/cmTryCompileExec2991901759.dir/CheckIncludeFiles.c.o
/usr/bin/cc    -o CMakeFiles/cmTryCompileExec2991901759.dir/CheckIncludeFiles.c.o   -c /home/legolas/CNN_libs/caffe_mike/caffe/CMakeFiles/CMakeTmp/CheckIncludeFiles.c
Linking C executable cmTryCompileExec2991901759
/usr/local/bin/cmake -E cmake_link_script CMakeFiles/cmTryCompileExec2991901759.dir/link.txt --verbose=1
/usr/bin/cc       CMakeFiles/cmTryCompileExec2991901759.dir/CheckIncludeFiles.c.o  -o cmTryCompileExec2991901759 -rdynamic 
make[1]: Leaving directory `/home/legolas/CNN_libs/caffe_mike/caffe/CMakeFiles/CMakeTmp'


Determining if the function pthread_create exists in the pthread passed with the following output:
Change Dir: /home/legolas/CNN_libs/caffe_mike/caffe/CMakeFiles/CMakeTmp

Run Build Command:"/usr/bin/make" "cmTryCompileExec1259562715/fast"
/usr/bin/make -f CMakeFiles/cmTryCompileExec1259562715.dir/build.make CMakeFiles/cmTryCompileExec1259562715.dir/build
make[1]: Entering directory `/home/legolas/CNN_libs/caffe_mike/caffe/CMakeFiles/CMakeTmp'
/usr/local/bin/cmake -E cmake_progress_report /home/legolas/CNN_libs/caffe_mike/caffe/CMakeFiles/CMakeTmp/CMakeFiles 1
Building C object CMakeFiles/cmTryCompileExec1259562715.dir/CheckFunctionExists.c.o
/usr/bin/cc   -DCHECK_FUNCTION_EXISTS=pthread_create   -o CMakeFiles/cmTryCompileExec1259562715.dir/CheckFunctionExists.c.o   -c /usr/local/share/cmake-3.2/Modules/CheckFunctionExists.c
Linking C executable cmTryCompileExec1259562715
/usr/local/bin/cmake -E cmake_link_script CMakeFiles/cmTryCompileExec1259562715.dir/link.txt --verbose=1
/usr/bin/cc   -DCHECK_FUNCTION_EXISTS=pthread_create    CMakeFiles/cmTryCompileExec1259562715.dir/CheckFunctionExists.c.o  -o cmTryCompileExec1259562715 -rdynamic -lpthread 
make[1]: Leaving directory `/home/legolas/CNN_libs/caffe_mike/caffe/CMakeFiles/CMakeTmp'


Determining if files pthread.h exist passed with the following output:
Change Dir: /home/legolas/CNN_libs/caffe_mike/caffe/CMakeFiles/CMakeTmp

Run Build Command:"/usr/bin/make" "cmTryCompileExec2351768977/fast"
/usr/bin/make -f CMakeFiles/cmTryCompileExec2351768977.dir/build.make CMakeFiles/cmTryCompileExec2351768977.dir/build
make[1]: Entering directory `/home/legolas/CNN_libs/caffe_mike/caffe/CMakeFiles/CMakeTmp'
/usr/local/bin/cmake -E cmake_progress_report /home/legolas/CNN_libs/caffe_mike/caffe/CMakeFiles/CMakeTmp/CMakeFiles 1
Building C object CMakeFiles/cmTryCompileExec2351768977.dir/CheckIncludeFiles.c.o
/usr/bin/cc    -o CMakeFiles/cmTryCompileExec2351768977.dir/CheckIncludeFiles.c.o   -c /home/legolas/CNN_libs/caffe_mike/caffe/CMakeFiles/CMakeTmp/CheckIncludeFiles.c
Linking C executable cmTryCompileExec2351768977
/usr/local/bin/cmake -E cmake_link_script CMakeFiles/cmTryCompileExec2351768977.dir/link.txt --verbose=1
/usr/bin/cc       CMakeFiles/cmTryCompileExec2351768977.dir/CheckIncludeFiles.c.o  -o cmTryCompileExec2351768977 -rdynamic 
make[1]: Leaving directory `/home/legolas/CNN_libs/caffe_mike/caffe/CMakeFiles/CMakeTmp'


Determining if the function pthread_create exists in the pthread passed with the following output:
Change Dir: /home/legolas/CNN_libs/caffe_mike/caffe/CMakeFiles/CMakeTmp

Run Build Command:"/usr/bin/make" "cmTryCompileExec4169603560/fast"
/usr/bin/make -f CMakeFiles/cmTryCompileExec4169603560.dir/build.make CMakeFiles/cmTryCompileExec4169603560.dir/build
make[1]: Entering directory `/home/legolas/CNN_libs/caffe_mike/caffe/CMakeFiles/CMakeTmp'
/usr/local/bin/cmake -E cmake_progress_report /home/legolas/CNN_libs/caffe_mike/caffe/CMakeFiles/CMakeTmp/CMakeFiles 1
Building C object CMakeFiles/cmTryCompileExec4169603560.dir/CheckFunctionExists.c.o
/usr/bin/cc   -DCHECK_FUNCTION_EXISTS=pthread_create   -o CMakeFiles/cmTryCompileExec4169603560.dir/CheckFunctionExists.c.o   -c /usr/local/share/cmake-3.2/Modules/CheckFunctionExists.c
Linking C executable cmTryCompileExec4169603560
/usr/local/bin/cmake -E cmake_link_script CMakeFiles/cmTryCompileExec4169603560.dir/link.txt --verbose=1
/usr/bin/cc   -DCHECK_FUNCTION_EXISTS=pthread_create    CMakeFiles/cmTryCompileExec4169603560.dir/CheckFunctionExists.c.o  -o cmTryCompileExec4169603560 -rdynamic -lpthread 
make[1]: Leaving directory `/home/legolas/CNN_libs/caffe_mike/caffe/CMakeFiles/CMakeTmp'


Determining if files pthread.h exist passed with the following output:
Change Dir: /home/legolas/CNN_libs/caffe_mike/caffe/CMakeFiles/CMakeTmp

Run Build Command:"/usr/bin/make" "cmTryCompileExec1959254264/fast"
/usr/bin/make -f CMakeFiles/cmTryCompileExec1959254264.dir/build.make CMakeFiles/cmTryCompileExec1959254264.dir/build
make[1]: Entering directory `/home/legolas/CNN_libs/caffe_mike/caffe/CMakeFiles/CMakeTmp'
/usr/local/bin/cmake -E cmake_progress_report /home/legolas/CNN_libs/caffe_mike/caffe/CMakeFiles/CMakeTmp/CMakeFiles 1
Building C object CMakeFiles/cmTryCompileExec1959254264.dir/CheckIncludeFiles.c.o
/usr/bin/cc    -o CMakeFiles/cmTryCompileExec1959254264.dir/CheckIncludeFiles.c.o   -c /home/legolas/CNN_libs/caffe_mike/caffe/CMakeFiles/CMakeTmp/CheckIncludeFiles.c
Linking C executable cmTryCompileExec1959254264
/usr/local/bin/cmake -E cmake_link_script CMakeFiles/cmTryCompileExec1959254264.dir/link.txt --verbose=1
/usr/bin/cc       CMakeFiles/cmTryCompileExec1959254264.dir/CheckIncludeFiles.c.o  -o cmTryCompileExec1959254264 -rdynamic 
make[1]: Leaving directory `/home/legolas/CNN_libs/caffe_mike/caffe/CMakeFiles/CMakeTmp'


Determining if the function pthread_create exists in the pthread passed with the following output:
Change Dir: /home/legolas/CNN_libs/caffe_mike/caffe/CMakeFiles/CMakeTmp

Run Build Command:"/usr/bin/make" "cmTryCompileExec765975765/fast"
/usr/bin/make -f CMakeFiles/cmTryCompileExec765975765.dir/build.make CMakeFiles/cmTryCompileExec765975765.dir/build
make[1]: Entering directory `/home/legolas/CNN_libs/caffe_mike/caffe/CMakeFiles/CMakeTmp'
/usr/local/bin/cmake -E cmake_progress_report /home/legolas/CNN_libs/caffe_mike/caffe/CMakeFiles/CMakeTmp/CMakeFiles 1
Building C object CMakeFiles/cmTryCompileExec765975765.dir/CheckFunctionExists.c.o
/usr/bin/cc   -DCHECK_FUNCTION_EXISTS=pthread_create   -o CMakeFiles/cmTryCompileExec765975765.dir/CheckFunctionExists.c.o   -c /usr/local/share/cmake-3.2/Modules/CheckFunctionExists.c
Linking C executable cmTryCompileExec765975765
/usr/local/bin/cmake -E cmake_link_script CMakeFiles/cmTryCompileExec765975765.dir/link.txt --verbose=1
/usr/bin/cc   -DCHECK_FUNCTION_EXISTS=pthread_create    CMakeFiles/cmTryCompileExec765975765.dir/CheckFunctionExists.c.o  -o cmTryCompileExec765975765 -rdynamic -lpthread 
make[1]: Leaving directory `/home/legolas/CNN_libs/caffe_mike/caffe/CMakeFiles/CMakeTmp'


Determining if files pthread.h exist passed with the following output:
Change Dir: /home/legolas/CNN_libs/caffe_mike/caffe/CMakeFiles/CMakeTmp

Run Build Command:"/usr/bin/make" "cmTryCompileExec2179367696/fast"
/usr/bin/make -f CMakeFiles/cmTryCompileExec2179367696.dir/build.make CMakeFiles/cmTryCompileExec2179367696.dir/build
make[1]: Entering directory `/home/legolas/CNN_libs/caffe_mike/caffe/CMakeFiles/CMakeTmp'
/usr/local/bin/cmake -E cmake_progress_report /home/legolas/CNN_libs/caffe_mike/caffe/CMakeFiles/CMakeTmp/CMakeFiles 1
Building C object CMakeFiles/cmTryCompileExec2179367696.dir/CheckIncludeFiles.c.o
/usr/bin/cc    -o CMakeFiles/cmTryCompileExec2179367696.dir/CheckIncludeFiles.c.o   -c /home/legolas/CNN_libs/caffe_mike/caffe/CMakeFiles/CMakeTmp/CheckIncludeFiles.c
Linking C executable cmTryCompileExec2179367696
/usr/local/bin/cmake -E cmake_link_script CMakeFiles/cmTryCompileExec2179367696.dir/link.txt --verbose=1
/usr/bin/cc       CMakeFiles/cmTryCompileExec2179367696.dir/CheckIncludeFiles.c.o  -o cmTryCompileExec2179367696 -rdynamic 
make[1]: Leaving directory `/home/legolas/CNN_libs/caffe_mike/caffe/CMakeFiles/CMakeTmp'


Determining if the function pthread_create exists in the pthread passed with the following output:
Change Dir: /home/legolas/CNN_libs/caffe_mike/caffe/CMakeFiles/CMakeTmp

Run Build Command:"/usr/bin/make" "cmTryCompileExec3772175606/fast"
/usr/bin/make -f CMakeFiles/cmTryCompileExec3772175606.dir/build.make CMakeFiles/cmTryCompileExec3772175606.dir/build
make[1]: Entering directory `/home/legolas/CNN_libs/caffe_mike/caffe/CMakeFiles/CMakeTmp'
/usr/local/bin/cmake -E cmake_progress_report /home/legolas/CNN_libs/caffe_mike/caffe/CMakeFiles/CMakeTmp/CMakeFiles 1
Building C object CMakeFiles/cmTryCompileExec3772175606.dir/CheckFunctionExists.c.o
/usr/bin/cc   -DCHECK_FUNCTION_EXISTS=pthread_create   -o CMakeFiles/cmTryCompileExec3772175606.dir/CheckFunctionExists.c.o   -c /usr/local/share/cmake-3.2/Modules/CheckFunctionExists.c
Linking C executable cmTryCompileExec3772175606
/usr/local/bin/cmake -E cmake_link_script CMakeFiles/cmTryCompileExec3772175606.dir/link.txt --verbose=1
/usr/bin/cc   -DCHECK_FUNCTION_EXISTS=pthread_create    CMakeFiles/cmTryCompileExec3772175606.dir/CheckFunctionExists.c.o  -o cmTryCompileExec3772175606 -rdynamic -lpthread 
make[1]: Leaving directory `/home/legolas/CNN_libs/caffe_mike/caffe/CMakeFiles/CMakeTmp'


Determining if files pthread.h exist passed with the following output:
Change Dir: /home/legolas/CNN_libs/caffe_mike/caffe/CMakeFiles/CMakeTmp

Run Build Command:"/usr/bin/make" "cmTryCompileExec2744445322/fast"
make[1]: Entering directory `/home/legolas/CNN_libs/caffe_mike/caffe/CMakeFiles/CMakeTmp'
/usr/bin/make -f CMakeFiles/cmTryCompileExec2744445322.dir/build.make CMakeFiles/cmTryCompileExec2744445322.dir/build
make[2]: Entering directory `/home/legolas/CNN_libs/caffe_mike/caffe/CMakeFiles/CMakeTmp'
/usr/local/bin/cmake -E cmake_progress_report /home/legolas/CNN_libs/caffe_mike/caffe/CMakeFiles/CMakeTmp/CMakeFiles 1
Building C object CMakeFiles/cmTryCompileExec2744445322.dir/CheckIncludeFiles.c.o
/usr/bin/cc    -o CMakeFiles/cmTryCompileExec2744445322.dir/CheckIncludeFiles.c.o   -c /home/legolas/CNN_libs/caffe_mike/caffe/CMakeFiles/CMakeTmp/CheckIncludeFiles.c
Linking C executable cmTryCompileExec2744445322
/usr/local/bin/cmake -E cmake_link_script CMakeFiles/cmTryCompileExec2744445322.dir/link.txt --verbose=1
/usr/bin/cc       CMakeFiles/cmTryCompileExec2744445322.dir/CheckIncludeFiles.c.o  -o cmTryCompileExec2744445322 -rdynamic 
make[2]: Leaving directory `/home/legolas/CNN_libs/caffe_mike/caffe/CMakeFiles/CMakeTmp'
make[1]: Leaving directory `/home/legolas/CNN_libs/caffe_mike/caffe/CMakeFiles/CMakeTmp'


Determining if the function pthread_create exists in the pthread passed with the following output:
Change Dir: /home/legolas/CNN_libs/caffe_mike/caffe/CMakeFiles/CMakeTmp

Run Build Command:"/usr/bin/make" "cmTryCompileExec961183887/fast"
make[1]: Entering directory `/home/legolas/CNN_libs/caffe_mike/caffe/CMakeFiles/CMakeTmp'
/usr/bin/make -f CMakeFiles/cmTryCompileExec961183887.dir/build.make CMakeFiles/cmTryCompileExec961183887.dir/build
make[2]: Entering directory `/home/legolas/CNN_libs/caffe_mike/caffe/CMakeFiles/CMakeTmp'
/usr/local/bin/cmake -E cmake_progress_report /home/legolas/CNN_libs/caffe_mike/caffe/CMakeFiles/CMakeTmp/CMakeFiles 1
Building C object CMakeFiles/cmTryCompileExec961183887.dir/CheckFunctionExists.c.o
/usr/bin/cc   -DCHECK_FUNCTION_EXISTS=pthread_create   -o CMakeFiles/cmTryCompileExec961183887.dir/CheckFunctionExists.c.o   -c /usr/local/share/cmake-3.2/Modules/CheckFunctionExists.c
Linking C executable cmTryCompileExec961183887
/usr/local/bin/cmake -E cmake_link_script CMakeFiles/cmTryCompileExec961183887.dir/link.txt --verbose=1
/usr/bin/cc   -DCHECK_FUNCTION_EXISTS=pthread_create    CMakeFiles/cmTryCompileExec961183887.dir/CheckFunctionExists.c.o  -o cmTryCompileExec961183887 -rdynamic -lpthread 
make[2]: Leaving directory `/home/legolas/CNN_libs/caffe_mike/caffe/CMakeFiles/CMakeTmp'
make[1]: Leaving directory `/home/legolas/CNN_libs/caffe_mike/caffe/CMakeFiles/CMakeTmp'


Determining if files pthread.h exist passed with the following output:
Change Dir: /home/legolas/CNN_libs/caffe_mike/caffe/CMakeFiles/CMakeTmp

Run Build Command:"/usr/bin/make" "cmTryCompileExec296724804/fast"
/usr/bin/make -f CMakeFiles/cmTryCompileExec296724804.dir/build.make CMakeFiles/cmTryCompileExec296724804.dir/build
make[1]: Entering directory `/home/legolas/CNN_libs/caffe_mike/caffe/CMakeFiles/CMakeTmp'
/usr/local/bin/cmake -E cmake_progress_report /home/legolas/CNN_libs/caffe_mike/caffe/CMakeFiles/CMakeTmp/CMakeFiles 1
Building C object CMakeFiles/cmTryCompileExec296724804.dir/CheckIncludeFiles.c.o
/usr/bin/cc    -o CMakeFiles/cmTryCompileExec296724804.dir/CheckIncludeFiles.c.o   -c /home/legolas/CNN_libs/caffe_mike/caffe/CMakeFiles/CMakeTmp/CheckIncludeFiles.c
Linking C executable cmTryCompileExec296724804
/usr/local/bin/cmake -E cmake_link_script CMakeFiles/cmTryCompileExec296724804.dir/link.txt --verbose=1
/usr/bin/cc       CMakeFiles/cmTryCompileExec296724804.dir/CheckIncludeFiles.c.o  -o cmTryCompileExec296724804 -rdynamic 
make[1]: Leaving directory `/home/legolas/CNN_libs/caffe_mike/caffe/CMakeFiles/CMakeTmp'


Determining if the function pthread_create exists in the pthread passed with the following output:
Change Dir: /home/legolas/CNN_libs/caffe_mike/caffe/CMakeFiles/CMakeTmp

Run Build Command:"/usr/bin/make" "cmTryCompileExec36946077/fast"
/usr/bin/make -f CMakeFiles/cmTryCompileExec36946077.dir/build.make CMakeFiles/cmTryCompileExec36946077.dir/build
make[1]: Entering directory `/home/legolas/CNN_libs/caffe_mike/caffe/CMakeFiles/CMakeTmp'
/usr/local/bin/cmake -E cmake_progress_report /home/legolas/CNN_libs/caffe_mike/caffe/CMakeFiles/CMakeTmp/CMakeFiles 1
Building C object CMakeFiles/cmTryCompileExec36946077.dir/CheckFunctionExists.c.o
/usr/bin/cc   -DCHECK_FUNCTION_EXISTS=pthread_create   -o CMakeFiles/cmTryCompileExec36946077.dir/CheckFunctionExists.c.o   -c /usr/local/share/cmake-3.2/Modules/CheckFunctionExists.c
Linking C executable cmTryCompileExec36946077
/usr/local/bin/cmake -E cmake_link_script CMakeFiles/cmTryCompileExec36946077.dir/link.txt --verbose=1
/usr/bin/cc   -DCHECK_FUNCTION_EXISTS=pthread_create    CMakeFiles/cmTryCompileExec36946077.dir/CheckFunctionExists.c.o  -o cmTryCompileExec36946077 -rdynamic -lpthread 
make[1]: Leaving directory `/home/legolas/CNN_libs/caffe_mike/caffe/CMakeFiles/CMakeTmp'


Determining if files pthread.h exist passed with the following output:
Change Dir: /home/legolas/CNN_libs/caffe_mike/caffe/CMakeFiles/CMakeTmp

Run Build Command:"/usr/bin/make" "cmTryCompileExec3733297233/fast"
/usr/bin/make -f CMakeFiles/cmTryCompileExec3733297233.dir/build.make CMakeFiles/cmTryCompileExec3733297233.dir/build
make[1]: Entering directory `/home/legolas/CNN_libs/caffe_mike/caffe/CMakeFiles/CMakeTmp'
/usr/local/bin/cmake -E cmake_progress_report /home/legolas/CNN_libs/caffe_mike/caffe/CMakeFiles/CMakeTmp/CMakeFiles 1
Building C object CMakeFiles/cmTryCompileExec3733297233.dir/CheckIncludeFiles.c.o
/usr/bin/cc    -o CMakeFiles/cmTryCompileExec3733297233.dir/CheckIncludeFiles.c.o   -c /home/legolas/CNN_libs/caffe_mike/caffe/CMakeFiles/CMakeTmp/CheckIncludeFiles.c
Linking C executable cmTryCompileExec3733297233
/usr/local/bin/cmake -E cmake_link_script CMakeFiles/cmTryCompileExec3733297233.dir/link.txt --verbose=1
/usr/bin/cc       CMakeFiles/cmTryCompileExec3733297233.dir/CheckIncludeFiles.c.o  -o cmTryCompileExec3733297233 -rdynamic 
make[1]: Leaving directory `/home/legolas/CNN_libs/caffe_mike/caffe/CMakeFiles/CMakeTmp'


Determining if the function pthread_create exists in the pthread passed with the following output:
Change Dir: /home/legolas/CNN_libs/caffe_mike/caffe/CMakeFiles/CMakeTmp

Run Build Command:"/usr/bin/make" "cmTryCompileExec2718111793/fast"
/usr/bin/make -f CMakeFiles/cmTryCompileExec2718111793.dir/build.make CMakeFiles/cmTryCompileExec2718111793.dir/build
make[1]: Entering directory `/home/legolas/CNN_libs/caffe_mike/caffe/CMakeFiles/CMakeTmp'
/usr/local/bin/cmake -E cmake_progress_report /home/legolas/CNN_libs/caffe_mike/caffe/CMakeFiles/CMakeTmp/CMakeFiles 1
Building C object CMakeFiles/cmTryCompileExec2718111793.dir/CheckFunctionExists.c.o
/usr/bin/cc   -DCHECK_FUNCTION_EXISTS=pthread_create   -o CMakeFiles/cmTryCompileExec2718111793.dir/CheckFunctionExists.c.o   -c /usr/local/share/cmake-3.2/Modules/CheckFunctionExists.c
Linking C executable cmTryCompileExec2718111793
/usr/local/bin/cmake -E cmake_link_script CMakeFiles/cmTryCompileExec2718111793.dir/link.txt --verbose=1
/usr/bin/cc   -DCHECK_FUNCTION_EXISTS=pthread_create    CMakeFiles/cmTryCompileExec2718111793.dir/CheckFunctionExists.c.o  -o cmTryCompileExec2718111793 -rdynamic -lpthread 
make[1]: Leaving directory `/home/legolas/CNN_libs/caffe_mike/caffe/CMakeFiles/CMakeTmp'


Determining if files pthread.h exist passed with the following output:
Change Dir: /home/legolas/CNN_libs/caffe_mike/caffe/CMakeFiles/CMakeTmp

Run Build Command:"/usr/bin/make" "cmTryCompileExec1240769344/fast"
/usr/bin/make -f CMakeFiles/cmTryCompileExec1240769344.dir/build.make CMakeFiles/cmTryCompileExec1240769344.dir/build
make[1]: Entering directory `/home/legolas/CNN_libs/caffe_mike/caffe/CMakeFiles/CMakeTmp'
/usr/local/bin/cmake -E cmake_progress_report /home/legolas/CNN_libs/caffe_mike/caffe/CMakeFiles/CMakeTmp/CMakeFiles 1
Building C object CMakeFiles/cmTryCompileExec1240769344.dir/CheckIncludeFiles.c.o
/usr/bin/cc    -o CMakeFiles/cmTryCompileExec1240769344.dir/CheckIncludeFiles.c.o   -c /home/legolas/CNN_libs/caffe_mike/caffe/CMakeFiles/CMakeTmp/CheckIncludeFiles.c
Linking C executable cmTryCompileExec1240769344
/usr/local/bin/cmake -E cmake_link_script CMakeFiles/cmTryCompileExec1240769344.dir/link.txt --verbose=1
/usr/bin/cc       CMakeFiles/cmTryCompileExec1240769344.dir/CheckIncludeFiles.c.o  -o cmTryCompileExec1240769344 -rdynamic 
make[1]: Leaving directory `/home/legolas/CNN_libs/caffe_mike/caffe/CMakeFiles/CMakeTmp'


Determining if the function pthread_create exists in the pthread passed with the following output:
Change Dir: /home/legolas/CNN_libs/caffe_mike/caffe/CMakeFiles/CMakeTmp

Run Build Command:"/usr/bin/make" "cmTryCompileExec2599567927/fast"
/usr/bin/make -f CMakeFiles/cmTryCompileExec2599567927.dir/build.make CMakeFiles/cmTryCompileExec2599567927.dir/build
make[1]: Entering directory `/home/legolas/CNN_libs/caffe_mike/caffe/CMakeFiles/CMakeTmp'
/usr/local/bin/cmake -E cmake_progress_report /home/legolas/CNN_libs/caffe_mike/caffe/CMakeFiles/CMakeTmp/CMakeFiles 1
Building C object CMakeFiles/cmTryCompileExec2599567927.dir/CheckFunctionExists.c.o
/usr/bin/cc   -DCHECK_FUNCTION_EXISTS=pthread_create   -o CMakeFiles/cmTryCompileExec2599567927.dir/CheckFunctionExists.c.o   -c /usr/local/share/cmake-3.2/Modules/CheckFunctionExists.c
Linking C executable cmTryCompileExec2599567927
/usr/local/bin/cmake -E cmake_link_script CMakeFiles/cmTryCompileExec2599567927.dir/link.txt --verbose=1
/usr/bin/cc   -DCHECK_FUNCTION_EXISTS=pthread_create    CMakeFiles/cmTryCompileExec2599567927.dir/CheckFunctionExists.c.o  -o cmTryCompileExec2599567927 -rdynamic -lpthread 
make[1]: Leaving directory `/home/legolas/CNN_libs/caffe_mike/caffe/CMakeFiles/CMakeTmp'


Determining if files pthread.h exist passed with the following output:
Change Dir: /home/legolas/CNN_libs/caffe_mike/caffe/CMakeFiles/CMakeTmp

Run Build Command:"/usr/bin/make" "cmTryCompileExec3295389452/fast"
/usr/bin/make -f CMakeFiles/cmTryCompileExec3295389452.dir/build.make CMakeFiles/cmTryCompileExec3295389452.dir/build
make[1]: Entering directory `/home/legolas/CNN_libs/caffe_mike/caffe/CMakeFiles/CMakeTmp'
/usr/local/bin/cmake -E cmake_progress_report /home/legolas/CNN_libs/caffe_mike/caffe/CMakeFiles/CMakeTmp/CMakeFiles 1
Building C object CMakeFiles/cmTryCompileExec3295389452.dir/CheckIncludeFiles.c.o
/usr/bin/cc    -o CMakeFiles/cmTryCompileExec3295389452.dir/CheckIncludeFiles.c.o   -c /home/legolas/CNN_libs/caffe_mike/caffe/CMakeFiles/CMakeTmp/CheckIncludeFiles.c
Linking C executable cmTryCompileExec3295389452
/usr/local/bin/cmake -E cmake_link_script CMakeFiles/cmTryCompileExec3295389452.dir/link.txt --verbose=1
/usr/bin/cc       CMakeFiles/cmTryCompileExec3295389452.dir/CheckIncludeFiles.c.o  -o cmTryCompileExec3295389452 -rdynamic 
make[1]: Leaving directory `/home/legolas/CNN_libs/caffe_mike/caffe/CMakeFiles/CMakeTmp'


Determining if the function pthread_create exists in the pthread passed with the following output:
Change Dir: /home/legolas/CNN_libs/caffe_mike/caffe/CMakeFiles/CMakeTmp

Run Build Command:"/usr/bin/make" "cmTryCompileExec2807842817/fast"
/usr/bin/make -f CMakeFiles/cmTryCompileExec2807842817.dir/build.make CMakeFiles/cmTryCompileExec2807842817.dir/build
make[1]: Entering directory `/home/legolas/CNN_libs/caffe_mike/caffe/CMakeFiles/CMakeTmp'
/usr/local/bin/cmake -E cmake_progress_report /home/legolas/CNN_libs/caffe_mike/caffe/CMakeFiles/CMakeTmp/CMakeFiles 1
Building C object CMakeFiles/cmTryCompileExec2807842817.dir/CheckFunctionExists.c.o
/usr/bin/cc   -DCHECK_FUNCTION_EXISTS=pthread_create   -o CMakeFiles/cmTryCompileExec2807842817.dir/CheckFunctionExists.c.o   -c /usr/local/share/cmake-3.2/Modules/CheckFunctionExists.c
Linking C executable cmTryCompileExec2807842817
/usr/local/bin/cmake -E cmake_link_script CMakeFiles/cmTryCompileExec2807842817.dir/link.txt --verbose=1
/usr/bin/cc   -DCHECK_FUNCTION_EXISTS=pthread_create    CMakeFiles/cmTryCompileExec2807842817.dir/CheckFunctionExists.c.o  -o cmTryCompileExec2807842817 -rdynamic -lpthread 
make[1]: Leaving directory `/home/legolas/CNN_libs/caffe_mike/caffe/CMakeFiles/CMakeTmp'


Determining if files pthread.h exist passed with the following output:
Change Dir: /home/legolas/Desktop/caffe/CMakeFiles/CMakeTmp

Run Build Command:"/usr/bin/make" "cmTryCompileExec2584090160/fast"
/usr/bin/make -f CMakeFiles/cmTryCompileExec2584090160.dir/build.make CMakeFiles/cmTryCompileExec2584090160.dir/build
make[1]: Entering directory `/home/legolas/Desktop/caffe/CMakeFiles/CMakeTmp'
/usr/local/bin/cmake -E cmake_progress_report /home/legolas/Desktop/caffe/CMakeFiles/CMakeTmp/CMakeFiles 1
Building C object CMakeFiles/cmTryCompileExec2584090160.dir/CheckIncludeFiles.c.o
/usr/bin/cc    -o CMakeFiles/cmTryCompileExec2584090160.dir/CheckIncludeFiles.c.o   -c /home/legolas/Desktop/caffe/CMakeFiles/CMakeTmp/CheckIncludeFiles.c
Linking C executable cmTryCompileExec2584090160
/usr/local/bin/cmake -E cmake_link_script CMakeFiles/cmTryCompileExec2584090160.dir/link.txt --verbose=1
/usr/bin/cc       CMakeFiles/cmTryCompileExec2584090160.dir/CheckIncludeFiles.c.o  -o cmTryCompileExec2584090160 -rdynamic 
make[1]: Leaving directory `/home/legolas/Desktop/caffe/CMakeFiles/CMakeTmp'


Determining if the function pthread_create exists in the pthread passed with the following output:
Change Dir: /home/legolas/Desktop/caffe/CMakeFiles/CMakeTmp

Run Build Command:"/usr/bin/make" "cmTryCompileExec3427858359/fast"
/usr/bin/make -f CMakeFiles/cmTryCompileExec3427858359.dir/build.make CMakeFiles/cmTryCompileExec3427858359.dir/build
make[1]: Entering directory `/home/legolas/Desktop/caffe/CMakeFiles/CMakeTmp'
/usr/local/bin/cmake -E cmake_progress_report /home/legolas/Desktop/caffe/CMakeFiles/CMakeTmp/CMakeFiles 1
Building C object CMakeFiles/cmTryCompileExec3427858359.dir/CheckFunctionExists.c.o
/usr/bin/cc   -DCHECK_FUNCTION_EXISTS=pthread_create   -o CMakeFiles/cmTryCompileExec3427858359.dir/CheckFunctionExists.c.o   -c /usr/local/share/cmake-3.2/Modules/CheckFunctionExists.c
Linking C executable cmTryCompileExec3427858359
/usr/local/bin/cmake -E cmake_link_script CMakeFiles/cmTryCompileExec3427858359.dir/link.txt --verbose=1
/usr/bin/cc   -DCHECK_FUNCTION_EXISTS=pthread_create    CMakeFiles/cmTryCompileExec3427858359.dir/CheckFunctionExists.c.o  -o cmTryCompileExec3427858359 -rdynamic -lpthread 
make[1]: Leaving directory `/home/legolas/Desktop/caffe/CMakeFiles/CMakeTmp'


Determining if files pthread.h exist passed with the following output:
Change Dir: /home/legolas/Downloads/Adlr-master/CMakeFiles/CMakeTmp

Run Build Command:"/usr/bin/make" "cmTryCompileExec4170441327/fast"
/usr/bin/make -f CMakeFiles/cmTryCompileExec4170441327.dir/build.make CMakeFiles/cmTryCompileExec4170441327.dir/build
make[1]: Entering directory `/home/legolas/Downloads/Adlr-master/CMakeFiles/CMakeTmp'
/usr/local/bin/cmake -E cmake_progress_report /home/legolas/Downloads/Adlr-master/CMakeFiles/CMakeTmp/CMakeFiles 1
Building C object CMakeFiles/cmTryCompileExec4170441327.dir/CheckIncludeFiles.c.o
/usr/bin/cc    -o CMakeFiles/cmTryCompileExec4170441327.dir/CheckIncludeFiles.c.o   -c /home/legolas/Downloads/Adlr-master/CMakeFiles/CMakeTmp/CheckIncludeFiles.c
Linking C executable cmTryCompileExec4170441327
/usr/local/bin/cmake -E cmake_link_script CMakeFiles/cmTryCompileExec4170441327.dir/link.txt --verbose=1
/usr/bin/cc       CMakeFiles/cmTryCompileExec4170441327.dir/CheckIncludeFiles.c.o  -o cmTryCompileExec4170441327 -rdynamic 
make[1]: Leaving directory `/home/legolas/Downloads/Adlr-master/CMakeFiles/CMakeTmp'


Determining if the function pthread_create exists in the pthread passed with the following output:
Change Dir: /home/legolas/Downloads/Adlr-master/CMakeFiles/CMakeTmp

Run Build Command:"/usr/bin/make" "cmTryCompileExec763929041/fast"
/usr/bin/make -f CMakeFiles/cmTryCompileExec763929041.dir/build.make CMakeFiles/cmTryCompileExec763929041.dir/build
make[1]: Entering directory `/home/legolas/Downloads/Adlr-master/CMakeFiles/CMakeTmp'
/usr/local/bin/cmake -E cmake_progress_report /home/legolas/Downloads/Adlr-master/CMakeFiles/CMakeTmp/CMakeFiles 1
Building C object CMakeFiles/cmTryCompileExec763929041.dir/CheckFunctionExists.c.o
/usr/bin/cc   -DCHECK_FUNCTION_EXISTS=pthread_create   -o CMakeFiles/cmTryCompileExec763929041.dir/CheckFunctionExists.c.o   -c /usr/local/share/cmake-3.2/Modules/CheckFunctionExists.c
Linking C executable cmTryCompileExec763929041
/usr/local/bin/cmake -E cmake_link_script CMakeFiles/cmTryCompileExec763929041.dir/link.txt --verbose=1
/usr/bin/cc   -DCHECK_FUNCTION_EXISTS=pthread_create    CMakeFiles/cmTryCompileExec763929041.dir/CheckFunctionExists.c.o  -o cmTryCompileExec763929041 -rdynamic -lpthread 
make[1]: Leaving directory `/home/legolas/Downloads/Adlr-master/CMakeFiles/CMakeTmp'


Determining if files pthread.h exist passed with the following output:
Change Dir: /home/legolas/Downloads/Adlr-master/CMakeFiles/CMakeTmp

Run Build Command:"/usr/bin/make" "cmTryCompileExec1715997957/fast"
/usr/bin/make -f CMakeFiles/cmTryCompileExec1715997957.dir/build.make CMakeFiles/cmTryCompileExec1715997957.dir/build
make[1]: Entering directory `/home/legolas/Downloads/Adlr-master/CMakeFiles/CMakeTmp'
/usr/local/bin/cmake -E cmake_progress_report /home/legolas/Downloads/Adlr-master/CMakeFiles/CMakeTmp/CMakeFiles 1
Building C object CMakeFiles/cmTryCompileExec1715997957.dir/CheckIncludeFiles.c.o
/usr/bin/cc    -o CMakeFiles/cmTryCompileExec1715997957.dir/CheckIncludeFiles.c.o   -c /home/legolas/Downloads/Adlr-master/CMakeFiles/CMakeTmp/CheckIncludeFiles.c
Linking C executable cmTryCompileExec1715997957
/usr/local/bin/cmake -E cmake_link_script CMakeFiles/cmTryCompileExec1715997957.dir/link.txt --verbose=1
/usr/bin/cc       CMakeFiles/cmTryCompileExec1715997957.dir/CheckIncludeFiles.c.o  -o cmTryCompileExec1715997957 -rdynamic 
make[1]: Leaving directory `/home/legolas/Downloads/Adlr-master/CMakeFiles/CMakeTmp'


Determining if the function pthread_create exists in the pthread passed with the following output:
Change Dir: /home/legolas/Downloads/Adlr-master/CMakeFiles/CMakeTmp

Run Build Command:"/usr/bin/make" "cmTryCompileExec1551919199/fast"
/usr/bin/make -f CMakeFiles/cmTryCompileExec1551919199.dir/build.make CMakeFiles/cmTryCompileExec1551919199.dir/build
make[1]: Entering directory `/home/legolas/Downloads/Adlr-master/CMakeFiles/CMakeTmp'
/usr/local/bin/cmake -E cmake_progress_report /home/legolas/Downloads/Adlr-master/CMakeFiles/CMakeTmp/CMakeFiles 1
Building C object CMakeFiles/cmTryCompileExec1551919199.dir/CheckFunctionExists.c.o
/usr/bin/cc   -DCHECK_FUNCTION_EXISTS=pthread_create   -o CMakeFiles/cmTryCompileExec1551919199.dir/CheckFunctionExists.c.o   -c /usr/local/share/cmake-3.2/Modules/CheckFunctionExists.c
Linking C executable cmTryCompileExec1551919199
/usr/local/bin/cmake -E cmake_link_script CMakeFiles/cmTryCompileExec1551919199.dir/link.txt --verbose=1
/usr/bin/cc   -DCHECK_FUNCTION_EXISTS=pthread_create    CMakeFiles/cmTryCompileExec1551919199.dir/CheckFunctionExists.c.o  -o cmTryCompileExec1551919199 -rdynamic -lpthread 
make[1]: Leaving directory `/home/legolas/Downloads/Adlr-master/CMakeFiles/CMakeTmp'


Determining if files pthread.h exist passed with the following output:
Change Dir: /home/legolas/Documents/code_mini_project/c++/caffe_AdLR_EANN/CMakeFiles/CMakeTmp

Run Build Command:"/usr/bin/make" "cmTryCompileExec65013486/fast"
/usr/bin/make -f CMakeFiles/cmTryCompileExec65013486.dir/build.make CMakeFiles/cmTryCompileExec65013486.dir/build
make[1]: Entering directory `/home/legolas/Documents/code_mini_project/c++/caffe_AdLR_EANN/CMakeFiles/CMakeTmp'
/usr/local/bin/cmake -E cmake_progress_report /home/legolas/Documents/code_mini_project/c++/caffe_AdLR_EANN/CMakeFiles/CMakeTmp/CMakeFiles 1
Building C object CMakeFiles/cmTryCompileExec65013486.dir/CheckIncludeFiles.c.o
/usr/bin/cc    -o CMakeFiles/cmTryCompileExec65013486.dir/CheckIncludeFiles.c.o   -c /home/legolas/Documents/code_mini_project/c++/caffe_AdLR_EANN/CMakeFiles/CMakeTmp/CheckIncludeFiles.c
Linking C executable cmTryCompileExec65013486
/usr/local/bin/cmake -E cmake_link_script CMakeFiles/cmTryCompileExec65013486.dir/link.txt --verbose=1
/usr/bin/cc       CMakeFiles/cmTryCompileExec65013486.dir/CheckIncludeFiles.c.o  -o cmTryCompileExec65013486 -rdynamic 
make[1]: Leaving directory `/home/legolas/Documents/code_mini_project/c++/caffe_AdLR_EANN/CMakeFiles/CMakeTmp'


Determining if the function pthread_create exists in the pthread passed with the following output:
Change Dir: /home/legolas/Documents/code_mini_project/c++/caffe_AdLR_EANN/CMakeFiles/CMakeTmp

Run Build Command:"/usr/bin/make" "cmTryCompileExec4177741563/fast"
/usr/bin/make -f CMakeFiles/cmTryCompileExec4177741563.dir/build.make CMakeFiles/cmTryCompileExec4177741563.dir/build
make[1]: Entering directory `/home/legolas/Documents/code_mini_project/c++/caffe_AdLR_EANN/CMakeFiles/CMakeTmp'
/usr/local/bin/cmake -E cmake_progress_report /home/legolas/Documents/code_mini_project/c++/caffe_AdLR_EANN/CMakeFiles/CMakeTmp/CMakeFiles 1
Building C object CMakeFiles/cmTryCompileExec4177741563.dir/CheckFunctionExists.c.o
/usr/bin/cc   -DCHECK_FUNCTION_EXISTS=pthread_create   -o CMakeFiles/cmTryCompileExec4177741563.dir/CheckFunctionExists.c.o   -c /usr/local/share/cmake-3.2/Modules/CheckFunctionExists.c
Linking C executable cmTryCompileExec4177741563
/usr/local/bin/cmake -E cmake_link_script CMakeFiles/cmTryCompileExec4177741563.dir/link.txt --verbose=1
/usr/bin/cc   -DCHECK_FUNCTION_EXISTS=pthread_create    CMakeFiles/cmTryCompileExec4177741563.dir/CheckFunctionExists.c.o  -o cmTryCompileExec4177741563 -rdynamic -lpthread 
make[1]: Leaving directory `/home/legolas/Documents/code_mini_project/c++/caffe_AdLR_EANN/CMakeFiles/CMakeTmp'


Determining if files pthread.h exist passed with the following output:
Change Dir: /home/legolas/Documents/code_mini_project/c++/caffe_AdLR_EANN/CMakeFiles/CMakeTmp

Run Build Command:"/usr/bin/make" "cmTryCompileExec1277172412/fast"
/usr/bin/make -f CMakeFiles/cmTryCompileExec1277172412.dir/build.make CMakeFiles/cmTryCompileExec1277172412.dir/build
make[1]: Entering directory `/home/legolas/Documents/code_mini_project/c++/caffe_AdLR_EANN/CMakeFiles/CMakeTmp'
/usr/local/bin/cmake -E cmake_progress_report /home/legolas/Documents/code_mini_project/c++/caffe_AdLR_EANN/CMakeFiles/CMakeTmp/CMakeFiles 1
Building C object CMakeFiles/cmTryCompileExec1277172412.dir/CheckIncludeFiles.c.o
/usr/bin/cc    -o CMakeFiles/cmTryCompileExec1277172412.dir/CheckIncludeFiles.c.o   -c /home/legolas/Documents/code_mini_project/c++/caffe_AdLR_EANN/CMakeFiles/CMakeTmp/CheckIncludeFiles.c
Linking C executable cmTryCompileExec1277172412
/usr/local/bin/cmake -E cmake_link_script CMakeFiles/cmTryCompileExec1277172412.dir/link.txt --verbose=1
/usr/bin/cc       CMakeFiles/cmTryCompileExec1277172412.dir/CheckIncludeFiles.c.o  -o cmTryCompileExec1277172412 -rdynamic 
make[1]: Leaving directory `/home/legolas/Documents/code_mini_project/c++/caffe_AdLR_EANN/CMakeFiles/CMakeTmp'


Determining if the function pthread_create exists in the pthread passed with the following output:
Change Dir: /home/legolas/Documents/code_mini_project/c++/caffe_AdLR_EANN/CMakeFiles/CMakeTmp

Run Build Command:"/usr/bin/make" "cmTryCompileExec249539715/fast"
/usr/bin/make -f CMakeFiles/cmTryCompileExec249539715.dir/build.make CMakeFiles/cmTryCompileExec249539715.dir/build
make[1]: Entering directory `/home/legolas/Documents/code_mini_project/c++/caffe_AdLR_EANN/CMakeFiles/CMakeTmp'
/usr/local/bin/cmake -E cmake_progress_report /home/legolas/Documents/code_mini_project/c++/caffe_AdLR_EANN/CMakeFiles/CMakeTmp/CMakeFiles 1
Building C object CMakeFiles/cmTryCompileExec249539715.dir/CheckFunctionExists.c.o
/usr/bin/cc   -DCHECK_FUNCTION_EXISTS=pthread_create   -o CMakeFiles/cmTryCompileExec249539715.dir/CheckFunctionExists.c.o   -c /usr/local/share/cmake-3.2/Modules/CheckFunctionExists.c
Linking C executable cmTryCompileExec249539715
/usr/local/bin/cmake -E cmake_link_script CMakeFiles/cmTryCompileExec249539715.dir/link.txt --verbose=1
/usr/bin/cc   -DCHECK_FUNCTION_EXISTS=pthread_create    CMakeFiles/cmTryCompileExec249539715.dir/CheckFunctionExists.c.o  -o cmTryCompileExec249539715 -rdynamic -lpthread 
make[1]: Leaving directory `/home/legolas/Documents/code_mini_project/c++/caffe_AdLR_EANN/CMakeFiles/CMakeTmp'


Determining if files pthread.h exist passed with the following output:
Change Dir: /home/legolas/Desktop/caffe_AdLR_EANN/CMakeFiles/CMakeTmp

Run Build Command:"/usr/bin/make" "cmTryCompileExec622178981/fast"
/usr/bin/make -f CMakeFiles/cmTryCompileExec622178981.dir/build.make CMakeFiles/cmTryCompileExec622178981.dir/build
make[1]: Entering directory `/home/legolas/Desktop/caffe_AdLR_EANN/CMakeFiles/CMakeTmp'
/usr/local/bin/cmake -E cmake_progress_report /home/legolas/Desktop/caffe_AdLR_EANN/CMakeFiles/CMakeTmp/CMakeFiles 1
Building C object CMakeFiles/cmTryCompileExec622178981.dir/CheckIncludeFiles.c.o
/usr/bin/cc    -o CMakeFiles/cmTryCompileExec622178981.dir/CheckIncludeFiles.c.o   -c /home/legolas/Desktop/caffe_AdLR_EANN/CMakeFiles/CMakeTmp/CheckIncludeFiles.c
Linking C executable cmTryCompileExec622178981
/usr/local/bin/cmake -E cmake_link_script CMakeFiles/cmTryCompileExec622178981.dir/link.txt --verbose=1
/usr/bin/cc       CMakeFiles/cmTryCompileExec622178981.dir/CheckIncludeFiles.c.o  -o cmTryCompileExec622178981 -rdynamic 
make[1]: Leaving directory `/home/legolas/Desktop/caffe_AdLR_EANN/CMakeFiles/CMakeTmp'


Determining if the function pthread_create exists in the pthread passed with the following output:
Change Dir: /home/legolas/Desktop/caffe_AdLR_EANN/CMakeFiles/CMakeTmp

Run Build Command:"/usr/bin/make" "cmTryCompileExec158492583/fast"
/usr/bin/make -f CMakeFiles/cmTryCompileExec158492583.dir/build.make CMakeFiles/cmTryCompileExec158492583.dir/build
make[1]: Entering directory `/home/legolas/Desktop/caffe_AdLR_EANN/CMakeFiles/CMakeTmp'
/usr/local/bin/cmake -E cmake_progress_report /home/legolas/Desktop/caffe_AdLR_EANN/CMakeFiles/CMakeTmp/CMakeFiles 1
Building C object CMakeFiles/cmTryCompileExec158492583.dir/CheckFunctionExists.c.o
/usr/bin/cc   -DCHECK_FUNCTION_EXISTS=pthread_create   -o CMakeFiles/cmTryCompileExec158492583.dir/CheckFunctionExists.c.o   -c /usr/local/share/cmake-3.2/Modules/CheckFunctionExists.c
Linking C executable cmTryCompileExec158492583
/usr/local/bin/cmake -E cmake_link_script CMakeFiles/cmTryCompileExec158492583.dir/link.txt --verbose=1
/usr/bin/cc   -DCHECK_FUNCTION_EXISTS=pthread_create    CMakeFiles/cmTryCompileExec158492583.dir/CheckFunctionExists.c.o  -o cmTryCompileExec158492583 -rdynamic -lpthread 
make[1]: Leaving directory `/home/legolas/Desktop/caffe_AdLR_EANN/CMakeFiles/CMakeTmp'


Determining if files pthread.h exist passed with the following output:
Change Dir: /home/legolas/Desktop/caffe_AdLR_EANN/CMakeFiles/CMakeTmp

Run Build Command:"/usr/bin/make" "cmTryCompileExec2775718082/fast"
make[1]: Entering directory `/home/legolas/Desktop/caffe_AdLR_EANN/CMakeFiles/CMakeTmp'
/usr/bin/make -f CMakeFiles/cmTryCompileExec2775718082.dir/build.make CMakeFiles/cmTryCompileExec2775718082.dir/build
make[2]: Entering directory `/home/legolas/Desktop/caffe_AdLR_EANN/CMakeFiles/CMakeTmp'
/usr/local/bin/cmake -E cmake_progress_report /home/legolas/Desktop/caffe_AdLR_EANN/CMakeFiles/CMakeTmp/CMakeFiles 1
Building C object CMakeFiles/cmTryCompileExec2775718082.dir/CheckIncludeFiles.c.o
/usr/bin/cc    -o CMakeFiles/cmTryCompileExec2775718082.dir/CheckIncludeFiles.c.o   -c /home/legolas/Desktop/caffe_AdLR_EANN/CMakeFiles/CMakeTmp/CheckIncludeFiles.c
Linking C executable cmTryCompileExec2775718082
/usr/local/bin/cmake -E cmake_link_script CMakeFiles/cmTryCompileExec2775718082.dir/link.txt --verbose=1
/usr/bin/cc       CMakeFiles/cmTryCompileExec2775718082.dir/CheckIncludeFiles.c.o  -o cmTryCompileExec2775718082 -rdynamic 
make[2]: Leaving directory `/home/legolas/Desktop/caffe_AdLR_EANN/CMakeFiles/CMakeTmp'
make[1]: Leaving directory `/home/legolas/Desktop/caffe_AdLR_EANN/CMakeFiles/CMakeTmp'


Determining if the function pthread_create exists in the pthread passed with the following output:
Change Dir: /home/legolas/Desktop/caffe_AdLR_EANN/CMakeFiles/CMakeTmp

Run Build Command:"/usr/bin/make" "cmTryCompileExec562882164/fast"
make[1]: Entering directory `/home/legolas/Desktop/caffe_AdLR_EANN/CMakeFiles/CMakeTmp'
/usr/bin/make -f CMakeFiles/cmTryCompileExec562882164.dir/build.make CMakeFiles/cmTryCompileExec562882164.dir/build
make[2]: Entering directory `/home/legolas/Desktop/caffe_AdLR_EANN/CMakeFiles/CMakeTmp'
/usr/local/bin/cmake -E cmake_progress_report /home/legolas/Desktop/caffe_AdLR_EANN/CMakeFiles/CMakeTmp/CMakeFiles 1
Building C object CMakeFiles/cmTryCompileExec562882164.dir/CheckFunctionExists.c.o
/usr/bin/cc   -DCHECK_FUNCTION_EXISTS=pthread_create   -o CMakeFiles/cmTryCompileExec562882164.dir/CheckFunctionExists.c.o   -c /usr/local/share/cmake-3.2/Modules/CheckFunctionExists.c
Linking C executable cmTryCompileExec562882164
/usr/local/bin/cmake -E cmake_link_script CMakeFiles/cmTryCompileExec562882164.dir/link.txt --verbose=1
/usr/bin/cc   -DCHECK_FUNCTION_EXISTS=pthread_create    CMakeFiles/cmTryCompileExec562882164.dir/CheckFunctionExists.c.o  -o cmTryCompileExec562882164 -rdynamic -lpthread 
make[2]: Leaving directory `/home/legolas/Desktop/caffe_AdLR_EANN/CMakeFiles/CMakeTmp'
make[1]: Leaving directory `/home/legolas/Desktop/caffe_AdLR_EANN/CMakeFiles/CMakeTmp'


